# callgrind format
version: 1
creator: callgrind-3.22.0
pid: 9467
cmd:  ./bench_atomic 5
part: 1


desc: I1 cache: 
desc: D1 cache: 
desc: LL cache: 

desc: Timerange: Basic block 0 - 100028392
desc: Trigger: Program termination

positions: line
events: Ir Bc Bcm Bi Bim
summary: 280133829 80025232 3306 315 157


ob=(3) ???
fl=(153) ???
fn=(626) 0x000000000010941c
0 4

fn=(500) 0x000000000483d000
0 5 1 1
0 2

fn=(636) 0x000000000483d030
0 2 0 0 1 1
cob=(2) /usr/lib/x86_64-linux-gnu/libc.so.6
cfi=(183) ./stdlib/./stdlib/cxa_finalize.c
cfn=(612) __cxa_finalize
calls=1 30 
0 78 14 3

fn=(476) 0x0000000004870720
0 40 0 0 20 1
cob=(1) /usr/lib/x86_64-linux-gnu/ld-linux-x86-64.so.2
cfi=(11) ./elf/./elf/dl-tunables.c
cfn=(28) __tunable_get_val
calls=20 387 
0 469 60 24

fn=(514) 0x0000000004870660
0 2 0 0 1 1
cob=(2)
cfi=(159) ./string/../sysdeps/x86_64/multiarch/strrchr-avx2.S
cfn=(516) __strrchr_avx2
calls=1 53 
0 22 3

fn=(540) 0x00000000048707b0
0 2 0 0 1 1
cob=(1)
cfi=(48) ./elf/./elf/dl-audit.c
cfn=(542) _dl_audit_preinit
calls=1 118 
0 5 1

fn=(610) 0x0000000000109070
0 2 0 0 1 1
cob=(2)
cfi=(183)
cfn=(612)
calls=1 30 
0 78 14 6

fn=(646) 0x000000000483d294
0 4

fn=(554) 0x0000000000109090
0 2 0 0 1 1
cob=(2)
cfi=(168) ./stdlib/../stdlib/strtol.c
cfn=(556) strtol
calls=1 116 
0 106 24 8

fn=(530) 0x0000000000109000
0 5 1 1
0 2

fn=(562) 0x00000000001090a0
0 12 0 0 6 1
cob=(2)
cfi=(170) ./malloc/./malloc/malloc.c
cfn=(564) malloc
calls=6 3294 
0 2773 497 81 12

ob=(4) /usr/libexec/valgrind/vgpreload_core-amd64-linux.so
fl=(156) ???
fn=(504) 0x0000000000001110
0 9 1 1
0 3

fn=(640) 0x0000000000001060
0 4 1 1
0 1

fn=(630) 0x00000000000010d0
0 9 2
cob=(3)
cfi=(153)
cfn=(636)
calls=1 0 
0 80 14 3 1 1
0 1
cfn=(640)
calls=1 0 
0 5 1 1
0 3

ob=(1)
fl=(27) ./elf/./elf/dl-minimal-malloc.c
fn=(74) __minimal_calloc
80 8
+4 8
-4 32
+7 8
+1 24 8 7
jfi=(28) ./elf/../include/rtld-malloc.h
jcnd=8/8 -32 
* 
fi=(28)
-32 8 0 0 8 1
cfi=(27)
cfn=(78) __minimal_malloc
calls=8 -20 
* 347 35 10
fe=(27)

fn=(78)
36 192
+1 72 24 1
jcnd=1/24 +6 
* 
+11 69
+3 23
-3 23
+3 46 23 2
jcnd=2/23 +5 
* 
-3 2
+3 1
-3 1
+3 90 23 1
+19 24
+1 24
+2 144
-17 8
+1 4 2 2
jcnd=2/2 +2 
* 
+2 2
+1 14
cfi=(57) ./misc/../sysdeps/unix/sysv/linux/mmap64.c
cfn=(182) mmap
calls=2 -13 
* 52 8 3
* 2
+2 4 2
+2 8
cfi=(58) ./misc/../sysdeps/unix/sysv/linux/setvmaname.c
cfn=(184) __set_vma_name
calls=2 -31 
* 56 6 4
+1 6 2
+2 2
+4 2
-4 4
jump=2 +3 
* 
-24 1
-1 1
+1 1
+1 2
-2 2
jump=1 +6 
* 

fn=(142) __minimal_free
97 1
+2 4 1

fl=(71) ./malloc/./malloc/scratch_buffer_set_array_size.c
fn=(228) __libc_scratch_buffer_set_array_size
30 26
+4 2
+1 4 2 2
jcnd=2/2 +10 
* 
+10 4 2 2
jcnd=2/2 +18 
* 
+18 2
-17 2
+17 10

fl=(30) ./elf/./elf/dl-load.c
fn=(166) _dl_map_object
1967 36
+8 6 3
+1 12 3
+3 33 3
jump=3 +5 
* 
* 18 6 2
jcnd=2/6 2270 
* 
+5 49 7
+2 21
cfi=(52) ./elf/./elf/dl-misc.c
cfn=(168) _dl_name_match_p
calls=7 68 
* 769 99 44 6 3
* 14 7 1
jcnd=1/7 2270 
* 
+4 12 6
+1 18 6 3
jcnd=4/6 -12 
* 
+4 2
-1 10 2 2
jcnd=2/2 +1 
* 
+1 2
+1 2
-1 2
+1 4
cfi=(32) ./string/../sysdeps/x86_64/multiarch/../multiarch/strcmp-sse2.S
cfn=(94) strcmp
calls=2 98 
* 50 6 2
* 4 2 2
jcnd=2/2 -17 
* 
2270 29
2011 6
-1 4 2 2
jcnd=2/2 +9 
* 
+9 2
-50 2
+50 4 2
+17 4
-2 2
+2 2
cfi=(41) ./string/../sysdeps/x86_64/multiarch/../multiarch/strchr-sse2.S
cfn=(118) index
calls=2 32 
* 48 4
* 4 2 1
jcnd=1/2 +4 
* 
2202 2 1
-1 3
cfn=(136) expand_dynamic_string_token
calls=1 385 
* 175 15 5 1
+6 1
-7 1
+1 1
+2 2 1
+4 7
cfn=(170) open_verify.constprop.0
calls=1 1572 
* 106 18 4
+3 2
-3 1
+3 1 1
+12 4
+45 1
+1 5
-1 1
+1 8
cfn=(176) _dl_map_object_from_fd
calls=1 944 
* 1940 358 113 5 1
-1 1
+1 5
-1 1
+1 8
cfn=(176)
calls=1 944 
* 2374 450 122 5
* 6
jump=2 +2 
* 
2040 2
cfi=(22) ./string/../sysdeps/x86_64/multiarch/../multiarch/strlen-sse2.S
cfn=(62) strlen
calls=1 57 
* 17 2
* 2
+2 2 1
+7 4 2 1
jcnd=1/1 +4 
* 
+51 13
cfn=(208) open_path
calls=1 1812 
* 580 69 27
+6 1
-6 1
+6 2 1 1
jcnd=1/1 682 
* 
2222 4
+46 2
jump=1 -1 
* 
682 1
2107 1
682 2 1 1
jcnd=1/1 2115 
* 
2135 2
cfi=(67) ./elf/./elf/dl-cache.c
cfn=(214) _dl_load_cache_lookup
calls=1 403 
* 1219 247 46 1
* 1
+2 2 1
+4 2 1
+31 1
-23 2 1
+23 7
cfn=(170)
calls=1 1572 
* 137 23 7
+4 2
-4 1
+4 1 1
+1 1
+17 2 1 1
jcnd=1/1 +28 
* 
2074 5 1
682 1
2075 1
682 3 1 1
jcnd=1/1 2084 
* 
2099 2 1
+1 2 1 1
jcnd=1/1 * 
* 
-47 1
+1 1
696 5
jump=1 -14 
* 
2058 3 1 1
jcnd=1/1 +15 
* 
682 1
2059 1
682 2 1 1
jcnd=1/1 2058 
* 
2073 5 1
+1 2 1 1
jcnd=1/1 * 
* 
+41 1
+14 2 1
+2 3 1 1
jcnd=1/1 +4 
* 
-47 2 1 1
jcnd=1/1 +15 
* 

fn=(204) _dl_dst_count
238 4
+3 2
-3 10
+7 2
-7 4
+3 2
cfi=(41)
cfn=(118)
calls=2 32 
* 72 5 2
+3 4 2
+20 18

fn=(208)
1812 8
+1 1
-1 3
+1 1
+6 2 1
+5 12 1 1
jcnd=1/1 * 
* 
* 4 1 1
jcnd=1/1 * 
* 
* 1
+67 2
-74 1
+7 3
+57 1
-65 1
+65 1
+10 2
-64 2
+8 6 1
+7 2
-11 1
+12 1
-1 4
cfi=(29) ./string/../sysdeps/x86_64/multiarch/memmove-vec-unaligned-erms.S
cfn=(126) mempcpy
calls=1 197 
* 13 2 2
+1 10 1
jump=1 * 
* 
* 9 3 1
jcnd=1/3 +50 
* 
* 2 1
+3 6 3
+5 21
cfi=(29)
cfn=(126)
calls=3 197 
* 39 8 2
* 12
cfi=(29)
cfn=(126)
calls=3 197 
* 39 6 6
+3 6
+6 9 3
+3 21
cfn=(170)
calls=3 1572 
* 168 15 5
* 3
+2 9 3
+2 6 3 2
jcnd=3/3 +5 
* 
+93 9
-88 6 3
+1 21 3 2
jcnd=3/3 +6 
* 
+6 3
+2 6
-2 6
+2 3
cfi=(65) ./io/../sysdeps/unix/sysv/linux/stat64.c
cfn=(210) stat
calls=3 28 
* 46 3 3
* 3
+3 3
-3 6 3 2
jcnd=2/3 +10 
* 
+1 2
+9 8
+2 1
jump=1 -50 
* 
-2 2
+2 2
jump=2 -50 
* 
* 1
+44 8 3
+6 2
-2 1
+2 2 1
+3 3 1
1822 2
jump=1 1960 
* 
+2 2
jump=1 * 
* 

fn=(106) _dl_init_paths
706 11
+14 1
-14 2
+14 2
cfi=(37) ./elf/./elf/dl-hwcaps.c
cfn=(108) _dl_important_hwcaps
calls=1 172 
* 1244 136 46 2 2
fi=(28)
56 1
fe=(30)
720 1
fi=(28)
56 1 0 0 1 1
cfi=(27)
cfn=(78)
calls=1 -20 
* 30 3
fe=(30)
725 1
+2 3 1
+8 2
-1 3
+5 3
fi=(28)
56 1 0 0 1 1
cfi=(27)
cfn=(78)
calls=1 -20 
* 30 3
fe=(30)
739 1
+2 4 1
+7 1
+8 1
+2 1
+12 2
-23 1
+9 1
+11 1
-4 1
-5 1
+3 2
+7 2
+2 2
-11 1
+11 3
-8 1
+4 1
+1 3 1
+1 16
cfi=(43) ./string/../sysdeps/x86_64/multiarch/../multiarch/memset-vec-unaligned-erms.S
cfn=(130) memset
calls=4 132 
* 56 8 7
+2 12 4 1
jcnd=1/4 * 
* 
* 3
-14 3
+10 3
+4 9
-12 3
-2 3
+2 3
+4 3
-3 3
+3 3
+1 3
-2 3
+5 9 3
+1 6 3 3
jcnd=3/3 +1 
* 
+3 1
+15 1
-8 1
+5 1
-6 1
+9 2
+2 4 1
+2 3 1 1
jcnd=1/1 +19 
* 
+36 5 2 1
jcnd=1/1 +2 
* 
+2 2
cfi=(22)
cfn=(62)
calls=1 57 
* 17 2
* 9 1 1
jcnd=1/1 * 
* 
-19 1
-2 1
+2 2 1 1
jcnd=1/1 +14 
* 
+19 4 1 1
jcnd=1/1 * 
* 
* 5
cfi=(29)
cfn=(82) memcpy
calls=1 210 
* 11 2 2
* 1
+5 4 1
-1 2
+2 1
+1 2
-2 4 1 1
jcnd=1/1 +1 
* 
+1 13
+1 26
-2 52 13 9
jcnd=12/13 +1 
* 
+5 1
fi=(28)
56 1 0 0 1 1
cfi=(27)
cfn=(78)
calls=1 -20 
* 30 3
fe=(30)
836 1
fi=(28)
56 1
fe=(30)
838 2 1
+6 6
cfn=(132) fillin_rpath.isra.0
calls=1 468 
* 581 118 33 3 3
+3 3 1
+6 1
+4 8
-35 2
jump=1 +3 
* 
+5 2
jump=1 * 
* 

fn=(136)
385 18
241 4
385 2
241 2
cfi=(41)
cfn=(118)
calls=2 32 
* 72 5 2
+3 4 2 1
410 2
-11 2
+11 12
-11 2
cfi=(44) ./string/./string/strdup.c
cfn=(138) strdup
calls=2 40 
* 180 19 5 2 1

fn=(176)
944 20
+15 2
-15 4
+15 2
-15 4
+15 4 2 2
jcnd=2/2 1264 
* 
+77 8 2
+10 4 2
+7 14
cfi=(26) ./elf/./elf/dl-object.c
cfn=(72) _dl_new_object
calls=2 59 
* 861 118 43 6 1
* 2
+1 4 2
+11 2
+5 2
-4 2
-1 2
+2 2
+2 2
-2 2
+2 4
+1 6 2 1
jcnd=1/2 +4 
* 
+1 2
+19 2
-2 1
+2 10 1 1
jcnd=1/1 * 
* 
* 2
-2 1
+2 10 1 1
jcnd=1/1 * 
* 
* 18 2
+10 2
-10 2
+10 6 2
+27 2
-33 2
-3 2
+2 2
-1 2
+35 2
+9 2
-50 2
+41 2
+9 2
-36 2
+63 10
jump=2 -62 
* 
-62 32 16 2
jcnd=2/16 +6 
* 
* 28 14 1
jcnd=1/14 +20 
* 
* 26 13 6
jcnd=5/13 -1 
* 
+26 56 8
+8 16
+1 8
-1 8
+1 32
+1 8
-1 8
+1 8
+2 8
-2 8
+2 8
+2 8
-4 8
+1 8
+3 8
-4 8
+4 40
+2 16
+13 16 8 2
jcnd=2/8 +6 
* 
+1 30
+5 6
+1 54
-28 12
-35 18 6
+62 2
+1 18
-28 4
-35 51 17
+1 75 25 1
jcnd=1/25 +75 
* 
* 24 24 12
jcnd=16/24 * 
* 
* 16 8 2
jcnd=2/8 1209 
* 
* 12 6 6
jcnd=4/6 -1 
* 
1213 2
1100 2
1213 4
1100 6 2
1218 14 2
+10 6
+1 2
-1 2
+1 2
-1 6 2 2
jcnd=2/2 +1 
* 
+1 6
-1 6
+1 6
-1 18 6 4
jcnd=4/6 +1 
* 
1066 4
1235 4 2
+10 8 4
+7 8
fi=(59) ./elf/./dl-map-segments.h
28 2
fe=(30)
1252 6
fi=(59)
28 4 2
+1 16
cfi=(57)
cfn=(182)
calls=2 +18 
* 56 10 4
+73 4
-1 2
-72 2
+73 2 2
+3 4
+1 2
+2 2
-3 2
+1 2
+2 2 2 2
jcnd=2/2 +17 
* 
+17 2
-44 2
fi=(60) ./elf/./dl-load.h
+10 4 2 1
jcnd=1/2 +1 
* 
* 12 6
fi=(59)
+58 32 8 7
jcnd=6/8 +45 
* 
+6 2
+2 2
-2 2
+1 2
+2 4
-1 4
+3 4
+5 4 2
+3 6 2
+8 12
cfi=(43)
cfn=(130)
calls=2 -44 
* 287 41 13
* 2
+6 4 2 1
jcnd=1/2 +4 
* 
+12 8
-59 48 8 2
jfi=(30)
jcnd=2/8 1268 
* 
+2 24 6
+2 48
cfi=(57)
cfn=(182)
calls=6 -92 
* 126 18
* 12 6 2
jfi=(60)
jcnd=6/6 -48 
* 
fe=(30)
1264 2
fi=(56) ./elf/../sysdeps/posix/dl-fileid.h
37 4
cfi=(55) ./io/../sysdeps/unix/sysv/linux/fstat64.c
cfn=(178) fstat
calls=2 -7 
* 12 2
* 4 2
fe=(30)
989 4
fi=(56)
40 6
fe=(30)
989 2
fi=(56)
40 2
fe=(30)
989 8 2 2
jcnd=2/2 +1 
* 
* 15 5 2
jcnd=2/5 +19 
* 
+1 10 5
fi=(56)
49 10 5 4
jfi=(30)
jcnd=4/5 989 
* 
* 2 1 1
jfi=(30)
jcnd=1/1 989 
* 
fe=(30)
1519 18
1074 8 1 1
jcnd=1/1 * 
* 
* 4 1 1
jcnd=1/1 * 
* 
* 1
+1 2
-1 1
+1 1
-1 1
+1 1
cfi=(70) ./io/../sysdeps/unix/sysv/linux/pread64_nocancel.c
cfn=(224) __pread64_nocancel
calls=1 25 
* 7 1
* 2 1 1
jcnd=1/1 +15 
* 
+46 2
+1 1
jump=1 -22 
* 
-15 4 2
+7 2
+2 2
-2 2
+1 2
+1 2
-1 4
+1 16
jump=2 -16 
* 
+60 3 1
+5 1
-1 2
+5 1
-5 2
-66 1
+71 4
+1 1
+3 1
-3 1
+8 4 1 1
jcnd=1/1 -94 
* 
+15 4
+1 2
jump=2 1100 
* 
1008 4 2 2
jcnd=2/2 +28 
* 
1268 8 2
+1 6
fi=(61) ./elf/./elf/get-dynamic-info.h
39 4 2
+6 2
-2 2
+11 2
+1 2
-10 4 2 2
jcnd=2/2 +4 
* 
+8 3
+15 3
-23 12 3
+23 44
-23 176 44 2
jcnd=2/44 +27 
* 
+4 94 47 23
jcnd=34/47 +19 
* 
+3 13
-1 26 13 3
jcnd=3/13 +2 
* 
+3 40 10 4
jcnd=2/10 +2 
* 
+1 32
jump=8 +13 
* 
+1 10 2 2
jcnd=2/2 +3 
* 
+16 8 4
+12 6 2 1
jcnd=1/2 +1 
* 
* 1
+1 8 2
+1 8 2
+1 8 2 1
+1 6 2 1
jcnd=1/2 +1 
* 
* 1
+1 6 2 1
jcnd=1/1 +1 
* 
* 1
+1 6 2 1
jcnd=1/1 +1 
* 
* 1
+1 8 2
+12 2
+7 2
-7 14 4
+7 4 2 1
jcnd=1/2 +5 
* 
* 1
jump=1 +13 
* 
+5 2 1
+7 2 1
+1 6 2
+6 6 2 1
jcnd=1/2 +18 
* 
+1 3 1
+17 6 2 1
jcnd=1/2 +15 
* 
+5 2
+2 2 1 1
jcnd=1/1 +2 
* 
+2 2 1 1
jcnd=1/1 +2 
* 
+2 2 1 1
jcnd=1/1 +1 
* 
+4 6 2
+2 6
+1 4 2
+9 4 2
+6 4 2 1
jcnd=1/2 +1 
* 
+4 4 2 2
jfi=(30)
jcnd=2/2 1275 
* 
fe=(30)
1275 4
+1 4 2 2
jcnd=2/2 +2 
* 
+2 4 2 2
jcnd=2/2 +10 
* 
+10 6 2
+19 6
+2 12 2
+52 6 2 1
jcnd=1/2 +7 
* 
+1 2
+6 18 2
jump=2 +1 
* 
+1 42 21 10
jcnd=19/21 -1 
* 
+6 8
cfn=(88) _dl_process_pt_gnu_property
calls=2 868 
* 154 34 3
-7 52 25 2
jcnd=2/23 +12 
* 
+1 25
+6 25
-6 50 25 10
jcnd=21/25 * 
* 
fi=(31) ./elf/../sysdeps/x86/dl-prop.h
149 8 4 4
jfi=(30)
jcnd=4/4 1368 
* 
fe=(30)
1380 4
cfi=(62) ./io/../sysdeps/unix/sysv/linux/close_nocancel.c
cfn=(194) __GI___close_nocancel
calls=2 25 
* 12 2
* 4 2
+13 4 2
+2 8
+2 4 2
+16 4
cfi=(8) ./elf/./elf/dl-setup_hash.c
cfn=(14) _dl_setup_hash
calls=2 25 
* 54 6
+4 4 2
+1 4 2 2
+17 4 2 1
jcnd=1/2 +4 
* 
+1 1
+3 1
+5 1
-5 1
+5 1 1
-5 1
+5 1
-5 1
+5 1 1
+5 4 2
+12 16 2 2
jcnd=2/2 +1 
* 
+10 4 2 1
jcnd=1/2 +13 
* 
+1 4 1
+5 2
cfi=(46) ./elf/../elf/dl-tls.c
cfn=(226) _dl_assign_tls_modid
calls=1 125 
* 12 1
+7 6
cfi=(26)
cfn=(84) _dl_add_to_namespace_list
calls=2 31 
* 106 7 3 4
+3 4 2
+4 4
cfi=(45) ./elf/./elf/dl-debug.c
cfn=(196) _dl_debug_update
calls=2 38 
* 14 4 2
* 2
+1 6 2 2
jcnd=2/2 +18 
* 
+22 14 2
+1 6
cfi=(48)
cfn=(198) _dl_audit_objopen
calls=2 77 
* 10 2
* 2
jump=2 +4 
* 
fi=(60)
92 4 1
+2 1
-1 1
+1 1
-1 1
+1 1
-1 1
+1 1
-1 2 1
+3 4
jfi=(59)
jump=1 +53 
* 
fi=(61)
-37 8 2
+3 8 2
+2 8
jump=2 +4 
* 
181 3
jump=1 +3 
* 
-22 2
jump=1 +3 
* 
fe=(30)
1510 4 2 2
jcnd=2/2 +4 
* 
1074 2
jump=1 * 
* 
fi=(59)
186 8
cfi=(57)
cfn=(182)
calls=1 47 
* 21 3
+3 2 1 1
jcnd=1/1 +5 
* 
fe=(30)
1462 6 2 1
jcnd=1/2 +9 
* 
+2 1
-1 5 1 1
jcnd=1/1 +1 
* 
+1 1
-1 1
+1 1
-1 1
cfi=(32)
cfn=(94)
calls=1 98 
* 25 3
* 2 1
+2 5
jump=1 +6 
* 

fn=(132)
468 9
+4 1
-4 8
+6 3
cfi=(7) ./elf/./elf/dl-minimal.c
cfn=(134) strsep
calls=1 239 
* 240 73 13
* 3
cfi=(7)
cfn=(134)
calls=1 239 
* 8 2 1
* 6 2 1
jcnd=1/2 +97 
* 
+7 2 1
+2 3
cfn=(136)
calls=1 -98 
* 125 11 3 1 1
* 1
+4 2 1
+5 2
cfi=(22)
cfn=(62)
calls=1 57 
* 17 2
* 1
+1 2 1 1
jcnd=1/1 +7 
* 
+7 3 1 1
jcnd=1/1 +5 
* 
* 2 1 1
jcnd=1/1 * 
* 
+9 3 1 1
jcnd=1/1 +1 
* 
* 12 4 1
jcnd=1/4 +19 
* 
+1 8 4 4
jcnd=4/4 -1 
* 
fi=(28)
50 2 0 0 1 1
cfi=(27)
cfn=(142)
calls=1 +47 
* 5 1
+1 1
jfi=(30)
jump=1 474 
* 
fe=(30)
528 4 1 1
jcnd=1/1 +4 
* 
+4 4
fi=(28)
56 1 0 0 1 1
cfi=(27)
cfn=(78)
calls=1 -20 
* 30 3
* 1
fe=(30)
534 2 1
+5 1
+1 2
-1 1
-1 1
+2 1
cfi=(29)
cfn=(126)
calls=1 197 
* 13 2 2
+3 1
-3 1
+1 1
+2 1 1 1
jcnd=1/1 +6 
* 
+6 1
+1 1
-1 3
+1 5 2 1
jcnd=1/1 * 
* 
+1 1
-1 1
+1 1
-1 3 1
+1 1
-1 2 1
+1 1
+2 2
+1 3 1 1
jcnd=1/1 +1 
* 
+1 1
+6 2
+1 1
+3 3
jfi=(28)
jump=1 50 
* 
-60 2
-22 2
jump=1 +26 
* 
+88 1
+3 8
-24 2
jump=1 +1 
* 

fn=(88)
868 3
+8 3
-8 6
+8 3 3
-6 3
+12 6 3
-13 3
+13 3
-13 3
+13 6
jump=3 +3 
* 
+3 9 3
+1 6 3
+1 6 3
+3 9 3
+1 9 3
+4 3
+1 6
jump=3 +4 
* 
+22 3
+2 3
-2 6
+2 9 3 1
jfi=(31)
jcnd=1/3 258 
* 
-20 10
+1 5
+3 10 5
+3 5
+1 20 5
fi=(31)
95 20 5
+7 10 5
+16 5
-3 10 5 3
jcnd=2/5 252 
* 
254 6 3
+1 3
+2 12
+3 3
jfi=(30)
jump=3 918 
* 
-8 4 2
+5 2
-4 2
+4 6
+3 2
-2 1
fe=(30)

fn=(170)
1572 50
+32 5
-32 10
+32 10 5
+19 20
cfi=(53) ./io/../sysdeps/unix/sysv/linux/open64_nocancel.c
cfn=(172) __open_nocancel
calls=5 28 
* 109 15 3
* 5
+2 10 5 2
jcnd=3/5 -16 
* 
+8 2
+1 4
+5 2
-5 2
+5 10
cfi=(54) ./io/../sysdeps/unix/sysv/linux/read_nocancel.c
cfn=(174) __read_nocancel
calls=2 25 
* 12 2
+2 4 2 1
+2 4
+2 4 2
+6 4 2
+17 6 2 1
jcnd=1/2 * 
* 
* 18 6 2
jcnd=2/2 * 
* 
* 2
+81 4 2 1
+5 4 2
+6 8 2 1
+6 4 2
+6 2
+1 2
-1 6
+1 6 2 1
jcnd=1/2 +4 
* 
+26 45
-22 8 1 1
jcnd=1/1 * 
* 
* 4 1 1
jcnd=1/1 * 
* 
* 1
+1 2
-1 1
+1 1
cfi=(70)
cfn=(224)
calls=1 25 
* 7 1
* 2 1 1
jcnd=1/1 +21 
* 
1668 3 1 1
jcnd=1/1 * 
* 
-59 6
jump=3 1799 
* 
1777 2
jump=1 * 
* 

fl=(140) ./misc/../sysdeps/unix/syscall-template.S
fn=(436) mprotect
117 20 4 1
+5 4

fn=(486) munmap
117 5 1
+5 1

fl=(48)
fn=(482) _dl_audit_activity_nsid
41 3
+4 12
+1 3
+1 15 6

fn=(198)
77 2
+1 8 2

fn=(628) _dl_audit_objclose
97 4
+1 16 4

fn=(152) _dl_audit_activity_map
29 2
+2 1
-2 5
+1 1
+1 2 1 1
jcnd=1/1 +6 
* 
+6 6

fn=(542)
118 1
+1 4 1

fl=(179) ./elf/./elf/dl-fini.c
fn=(596) _dl_fini
26 5
+17 1
-17 6
+20 9 1
jump=1 +3 
* 
* 4 1 1
jcnd=1/1 +86 
* 
+3 2 0 0 1 1
cob=(2)
cfi=(180) ./nptl/./nptl/pthread_mutex_lock.c
cfn=(598) pthread_mutex_lock@@GLIBC_2.2.5
calls=1 +28 
* 44 9 3
+2 1
+3 2 1
+2 5 1
+7 3
-2 1
+2 1
cfi=(48)
cfn=(482)
calls=1 -22 
* 11 2
+5 11 1 1
jcnd=1/1 * 
* 
* 4 1 1
jcnd=1/1 * 
* 
+5 1
-5 1
+5 3 1 1
jcnd=1/1 +2 
* 
+2 8 4
+2 8 4
+2 8
+1 4
+1 4
+4 4
-12 12 4 4
jcnd=3/4 +2 
* 
+14 6 2
+1 4 1 1
jcnd=1/1 +6 
* 
+6 6
cfi=(13) ./elf/./elf/dl-sort-maps.c
cfn=(232) _dl_sort_maps
calls=1 298 
* 317 53 23
+9 2 0 0 1 1
cob=(2)
cfi=(181) ./nptl/./nptl/pthread_mutex_unlock.c
cfn=(600) pthread_mutex_unlock@@GLIBC_2.2.5
calls=1 367 
* 34 8 4
+5 6 1
+2 1
+2 2 1 1
jcnd=1/1 +2 
* 
-2 3
+2 6 3 3
jcnd=3/3 +2 
* 
+2 16
cfi=(182) ./elf/./elf/dl-call_fini.c
cfn=(602) _dl_call_fini
calls=4 -90 
* 328 50 15 6 6
+3 8
cfi=(48)
cfn=(628)
calls=4 -20 
* 20 4
-9 8
+14 4
-14 12 4 3
jcnd=3/4 +2 
* 
+18 3
cfi=(48)
cfn=(482)
calls=1 -85 
* 11 2
* 2
jump=1 -80 
* 
+6 4 1
+2 1
-2 2 1
+6 2 1
+7 8
-77 2
jump=1 +5 
* 

fl=(78) ./elf/./elf/dl-lookup.c
fn=(274) do_lookup_x
347 900
+1 100
-1 400
+6 100
-6 100
+65 100
-58 100
+11 100
+50 100
-3 200
+3 200
-50 100
+50 400
jump=100 -57 
* 
-19 984 328
+8 328
-4 328
+1 328
+3 1312 328 4
jcnd=328/328 +1 
* 
+1 656
+3 328
-3 328
+4 656 328
+4 656
-2 328
+5 1312
+3 2296 328 97
jcnd=95/328 +4 
* 
+99 705 235 7
jcnd=7/235 +4 
* 
358 656
+3 656 328
+4 656 328 58
jcnd=328/328 +21 
* 
+21 656 328 12
jcnd=328/328 +4 
* 
+4 656 328 10
jcnd=328/328 +6 
* 
+71 744
fi=(4) ./elf/../sysdeps/generic/ldsodefs.h
139 186
+1 279
fe=(78)
476 186 93
fi=(80) ./elf/../sysdeps/generic/dl-protected.h
29 372 186
fe=(78)
483 372 93 6
jcnd=6/93 +4 
* 
* 348 174
+16 186
+1 93
+22 93
-21 93
+21 651
-99 285
-1 190
+2 190 95
+2 95
+6 380
-6 95
+6 665
jump=95 -3 
* 
+7 366 122 2
jcnd=2/122 +31 
* 
-10 1075 215 86
jcnd=120/215 +10 
* 
+2 95
+1 285
-1 95
+1 190
-1 95
+1 95
+1 95
-1 95
+1 95
-1 665
cfn=(276) check_match
calls=95 70 
* 9999 1173 119 27 23
+4 285 95 6
jcnd=93/95 +25 
* 
+3 4
jump=2 * 
* 
+31 16 2 2
jcnd=2/2 +48 
* 
+52 7
-1 7
+1 49
-35 18 6 2
jcnd=6/6 +12 
* 

fn=(276)
70 1425
+3 380 95 4
jcnd=2/95 * 
* 
* 186
+13 93
-13 93
+13 93
-13 93
+13 279 93
+3 186 93 11
jcnd=62/93 +4 
* 
* 124
cfi=(32)
cfn=(94)
calls=31 +9 
* 1790 194 55 22 21
* 62 31 1
+4 93
+1 186 93 2
jcnd=2/93 +50 
* 
+2 182 91
+19 182
+1 728 91 8
jcnd=91/91 +1 
* 
+45 93
+1 760
-18 4 2
+2 4
+1 2
-1 4
+1 6
-1 4 2 2
jcnd=2/2 +15 
* 
-29 273
cfi=(32)
cfn=(94)
calls=91 -19 
* 2480 293 30 5 2
* 182 91 6
jcnd=91/91 +44 
* 
-44 8 4
+5 4
jump=2 +84 
* 

fn=(270) _dl_lookup_symbol_x
772 600
+3 100
-3 300
+3 100
-3 400
fi=(79) ./elf/../sysdeps/generic/dl-new-hash.h
74 100
+3 200 100 2
-8 100
+1 200
+10 100
+1 200 100 4
-1 657
+1 1314 657 49
jcnd=46/657 +6 
* 
+20 711
-2 711
+6 711
-3 1422
+2 711
-30 711
+3 1422 711 76
jcnd=657/711 +3 
* 
fe=(78)
774 100
+1 100
+3 100
-4 100
+1 100
+7 200 100 9
jcnd=9/100 +5 
* 
* 182 91
+5 100
-2 100
+2 100
-2 100 100
+6 1400 100
jump=100 +1 
* 
* 35 7 2
jcnd=7/7 +29 
* 
+1 1400
cfn=(274)
calls=100 347 
* 35859 5113 411 27 23
* 300 100 2
jcnd=7/100 -1 
* 
+28 100
-23 300
+23 100
-23 200 100 2
jcnd=7/100 +31 
* 
+24 186 93 67
jcnd=4/93 +7 
* 
* 356 89 4
+7 93
-7 93
+35 372 93
+34 372
-20 279 93 1
jcnd=1/93 +1 
* 
+3 186 93
-57 100
+76 900
fi=(79)
87 46
+1 46
+1 92
+1 46
jfi=(78)
jump=46 774 
* 
fe=(78)
871 2
jump=1 +2 
* 
-72 42 14 2
jcnd=7/7 +18 
* 
+18 21
jump=7 -1 
* 
+11 28
jump=7 -29 
* 

fl=(14) ./elf/../sysdeps/unix/sysv/linux/brk.c
fn=(30) brk
36 1
fi=(190) ./elf/../sysdeps/unix/sysv/linux/brk_call.h
-12 2
fe=(14)
+13 1
+1 2 1
+6 1
+1 1

fl=(42) ./string/../sysdeps/x86_64/multiarch/../multiarch/memcmp-sse2.S
fn=(122) bcmp
59 1
+12 1
+1 1 1
+22 1
+1 1 1 1
jcnd=1/1 +45 
* 
+45 1
+1 1
+2 1
+1 1 1
+2 1
+1 1
+2 1
+1 1 1 1
jcnd=1/1 +47 
* 
+47 1
+1 1
+1 1
+1 1
+1 1
+1 1

fl=(44)
fn=(138)
40 18
+1 3
cfi=(22)
cfn=(62)
calls=3 +16 
* 87 8 2
* 3
fi=(191) ./string/../include/rtld-malloc.h
+15 6 0 0 3 1
cfi=(27)
cfn=(78)
calls=3 -20 
* 90 9
fe=(44)
-12 6 3
+3 9
+1 9
-1 3
cfi=(29)
cfn=(82)
calls=3 210 
* 41 8 4

fl=(46)
fn=(440) _dl_allocate_tls_init
523 11
+1 2 1
+4 1
+6 1
-6 1
+6 1 0 0 1 1
cfi=(24) ./elf/../sysdeps/nptl/dl-tls_init_tp.c
cfn=(86) rtld_mutex_dummy
calls=1 42 
* 3
+3 3 1
+12 1
-18 1
+42 3
-19 12 1
jump=1 +6 
* 
+9 3
+1 2 1
+6 3 1
+3 1
-2 1
+2 1
-2 1
+2 4
+4 1
-4 1
+4 1
-1 2 1
+4 2 1
+1 4 1
+2 2 1
+1 2
+17 1
-8 1
+8 1 1 1
jcnd=1/1 +2 
* 
+2 4
cfi=(29)
cfn=(126)
calls=1 197 
* 13 2
* 6
cfi=(43)
cfn=(130)
calls=1 132 
* 25 4 1
-49 1
+55 1
-55 4 1
+6 4 2 1
jcnd=1/2 +3 
* 
* 1
+55 2 0 0 1 1
cfi=(24)
cfn=(86)
calls=1 42 
* 3
+3 2
+3 9

fn=(146) _dl_count_modids
192 1
+2 2 1
+1 1
+15 2

fn=(226)
125 1
+16 1
-13 1
-3 3
+3 1 1
+55 1
-2 1
+5 1
+1 2

fn=(248) _dl_tls_static_surplus_init
97 2
+3 1
-3 3
+3 1
-3 1
+3 1
-3 1
+3 1
-3 1
+3 1
cfi=(11)
cfn=(28)
calls=1 387 
* 23 3 1
* 1
+1 4
cfi=(11)
cfn=(28)
calls=1 387 
* 23 3 1
+1 1
+2 1
-3 1
+1 2
+2 3 1
+3 1
+2 1
-26 3
+28 3
+1 6

fn=(252) _dl_allocate_tls_storage
417 7
+2 1
+11 1
+1 1
fi=(28)
56 1 0 0 1 1
cfi=(27)
cfn=(78)
calls=1 -20 
* 85 10 3
fe=(46)
432 2 1
+8 3
fi=(28)
44 1
fe=(46)
440 2
+5 1
-5 1
+1 1
+4 9 1 1
jcnd=1/1 * 
* 
* 295 295 9
jcnd=294/295 * 
* 
+19 1
-99 1
+4 1
+1 1
fi=(28)
44 1 0 0 1 1
cfi=(27)
cfn=(74)
calls=1 +36 
* 41 4 1 1
fe=(46)
371 2 1
+3 1
+6 2
+90 7

fn=(250) _dl_determine_tlsoffset
216 9
+6 4 1
+3 2 1
+36 3 1
+2 1
-2 1
-2 1
-40 1
-1 1
-1 1
+46 2
jump=1 * 
* 
+23 3
+3 1
-3 5
+2 2 1 1
jcnd=1/1 +6 
* 
+6 1
-33 2
+20 1
-20 5 1 1
jcnd=1/1 +41 
* 
+2 2 1
+3 1
-1 1
+5 2
-5 1
+1 1
-1 1
+3 2
+2 3 1 1
jcnd=1/1 +16 
* 
+32 2
-1 1
+53 1
-52 5
+2 2
+51 8

fn=(438) _dl_add_to_slotinfo
1017 8
+9 1
-9 1
+6 1
+4 1
jump=1 +4 
* 
+4 3 1
+34 2 1 1
jcnd=1/1 +3 
* 
+3 2
+1 3
+3 6

fl=(77) ./elf/./elf/dl-reloc.c
fn=(262) _dl_relocate_object
207 55
+1 10 5 1
jcnd=1/5 350 
* 
+12 4
+4 16
-4 4
+6 12 4
+3 4
-1 4
+1 8 4 4
jcnd=4/4 +22 
* 
+22 20 4 4
jcnd=4/4 +1 
* 
+4 4 2
+7 6 2
fi=(6) ./elf/../sysdeps/x86_64/dl-machine.h
81 8 2 2
jfi=(4)
jcnd=2/2 -2 
* 
fi=(4)
-2 4
fe=(77)
301 8
fi=(4)
79 8
fe=(77)
301 8 4 1
jcnd=1/4 * 
* 
* 9 3 3
jcnd=2/3 * 
* 
* 11 1 1
jump=1 * 
* 
* 114 35 3
jcnd=3/32 * 
* 
* 174 58 11
jcnd=10/29 * 
* 
* 3300 1650 287
jcnd=605/1650 * 
* 
* 4256 1064 56
jcnd=1035/1064 * 
* 
* 1845 615 30
jcnd=615/615 * 
* 
* 116 29 8
jcnd=28/29 * 
* 
fi=(4)
79 1
fe=(77)
301 1
fi=(4)
79 2
fe=(77)
301 96 12 3
jcnd=2/4 * 
* 
* 8 2 1
jcnd=1/2 * 
* 
* 4 2 1
jcnd=1/2 * 
* 
* 34 2 2
jcnd=2/2 * 
* 
* 8 4 1
jcnd=2/2 * 
* 
* 4
-80 8
fi=(6)
393 8
fe=(77)
190 4
+31 4
-31 4
fi=(6)
393 12
fi=(5) ./elf/./elf/do-rel.h
49 4
fe=(77)
301 4
fi=(5)
50 4
+30 4
-31 8
+4 4
-3 4
+3 4
-3 4
+3 12
+27 8 4 4
jcnd=4/4 +34 
* 
-31 4
fe=(77)
301 4
fi=(5)
50 4
+30 4
-31 8
+4 4
-3 4
+3 4
-3 4
+3 12
+27 8 4 4
jcnd=4/4 +34 
* 
fe=(77)
301 24 8 4
jfi=(4)
jcnd=4/8 79 
* 
fi=(5)
51 4
fi=(4)
+28 8
jfi=(5)
jump=4 -30 
* 
* 12
fi=(6)
730 8 4 1
jfi=(77)
jcnd=1/4 304 
* 
+4 6 3
fe=(77)
304 20 8
+24 4
+3 8 4
+17 12 4 2
jcnd=4/4 +8 
* 
+2 40
-98 8 4 2
jcnd=2/4 +3 
* 
+3 4 2
+7 2
-9 2
+9 4 2
fi=(6)
81 4
jfi=(4)
jump=2 -2 
* 
fi=(5)
+33 24 8 2
jcnd=2/8 +12 
* 
+9 12 6 4
jcnd=4/6 +3 
* 
* 2
+1 2
fi=(6)
498 2
fi=(5)
124 2
fi=(6)
498 4 2
fi=(5)
124 4
fi=(6)
498 4
fi=(5)
124 4
fi=(6)
498 8 4
+5 12 6
+1 6
fi=(5)
123 6
fi=(6)
504 6
-5 6
fi=(5)
123 12 6 4
jcnd=4/6 +1 
* 
+3 24 8 1
jcnd=2/8 +54 
* 
+3 24 6
+2 18 6 3
jfi=(77)
jcnd=3/6 301 
* 
* 3
fe=(77)
+59 6
fi=(5)
73 3
fe=(77)
190 3
fi=(5)
72 3
fe=(77)
190 27 3
fi=(5)
-57 6
+1 3
+1 3
-2 3
+2 3
+3 3
-5 3
+2 3
-2 3
+1 6
+2 3
-2 3
+2 9
+2 6 3
-5 312
+1 156
+1 156
-2 156
+2 156
+3 156
-5 156
+2 156
-2 156
+1 312
+2 156
-2 156
+2 468
+2 312 156 6
jcnd=47/156 +3 
* 
+9 112
fi=(6)
267 224 112
+7 224 112
+4 224 112
fe=(77)
170 448 112 4
jfi=(6)
jcnd=15/112 287 
* 
fi=(4)
-30 291
fe=(77)
+31 194 97
+3 194 97 12
jcnd=7/97 +1 
* 
+8 180 90
-8 270 90 1
jcnd=1/90 +12 
* 
* 534 89
+12 178
-3 89
+1 89
+2 356 89 57
jcnd=89/89 * 
* 
* 2
-3 1
+1 1
+2 4 1 1
jcnd=1/1 * 
* 
* 90
+1 90
-1 90
+2 180 90
-1 360
+3 540
cfi=(78)
cfn=(270)
calls=90 772 
* 49841 7035 527 21 19
+3 90
+1 180
-4 90
+4 450
fi=(6)
+93 270 90 2
jcnd=3/90 +30 
* 
* 115 7
+3 94
-3 297 94 1
+3 109
-3 109
+5 218 109 4
jcnd=109/109 +25 
* 
+25 672 112 0 112 17
jump=20 +3 
* 
jump=68 423 
* 
jump=16 +83 
* 
jump=8 423 
* 
423 24
fi=(5)
150 24 8
fi=(6)
423 176
fi=(5)
150 264 88 7
jcnd=20/88 +1 
* 
* 32 16
-19 636 159 17
jcnd=156/159 +2 
* 
* 9
+33 12 3 1
jfi=(77)
jcnd=1/3 301 
* 
+1 16 2
jump=2 +1 
* 
* 48 16
+1 189 63 7
jcnd=16/63 -1 
* 
+3 94
+4 47
-1 47
-3 47
+2 94
+2 47
-2 94
fe=(77)
-1 188 47 19
jfi=(6)
jcnd=47/47 287 
* 
fi=(6)
287 47
+3 47
-3 47
+4 94 47 14
jcnd=47/47 476 
* 
476 94
+2 47 0 0 47 47
cfi=(15) ./elf/../sysdeps/x86/dl-get-cpu-features.c
cfn=(462) __x86_cpu_features
calls=1 71 
* 6 1
cob=(2)
cfi=(139) ./string/../sysdeps/x86_64/multiarch/strncase.c
cfn=(432) strncasecmp
calls=1 31 
* 21 5 1
cob=(2)
cfi=(138) ./string/../sysdeps/x86_64/multiarch/mempcpy.c
cfn=(428) mempcpy
calls=1 33 
* 22 6 2
cob=(2)
cfi=(137) ./wcsmbs/../sysdeps/x86_64/multiarch/wcpcpy.c
cfn=(424) wcpncpy
calls=1 31 
* 18 3 1
cob=(2)
cfi=(136) ./string/../sysdeps/x86_64/multiarch/strspn.c
cfn=(422) strspn
calls=1 29 
* 7
cob=(2)
cfi=(134) ./string/../sysdeps/x86_64/multiarch/memchr.c
cfn=(418) memchr
calls=1 29 
* 23 4 1
cob=(2)
cfi=(133) ./string/../sysdeps/x86_64/multiarch/memmove.c
cfn=(414) memmove
calls=1 29 
* 22 6 2
cob=(2)
cfi=(132) ./string/../sysdeps/x86_64/multiarch/stpcpy.c
cfn=(410) stpcpy
calls=1 33 
* 17 5 1
cob=(2)
cfi=(131) ./debug/../sysdeps/x86_64/multiarch/memmove_chk.c
cfn=(406) __memmove_chk
calls=1 29 
* 22 6 2
cob=(2)
cfi=(129) ./wcsmbs/../sysdeps/x86_64/multiarch/wmemcmp.c
cfn=(402) wmemcmp
calls=1 29 
* 24 6
cob=(2)
cfi=(128) ./string/../sysdeps/x86_64/multiarch/strncpy.c
cfn=(398) strncpy
calls=1 29 
* 19 4
cob=(2)
cfi=(127) ./string/../sysdeps/x86_64/multiarch/strlen.c
cfn=(394) strlen
calls=1 29 
* 25 5 1
cob=(2)
cfi=(100) ./wcsmbs/../sysdeps/x86_64/multiarch/wcscat.c
cfn=(390) wcscat
calls=1 31 
* 18 3 1
cob=(2)
cfi=(126) ./string/../sysdeps/x86_64/multiarch/strcasecmp_l.c
cfn=(386) strcasecmp_l
calls=1 31 
* 21 5 1
cob=(2)
cfi=(125) ./string/../sysdeps/x86_64/multiarch/strcpy.c
cfn=(382) strcpy
calls=1 29 
* 17 5 1
cob=(2)
cfi=(123) ./wcsmbs/../sysdeps/x86_64/multiarch/wmemset.c
cfn=(378) wmemset
calls=2 31 
* 20 4 2
cob=(2)
cfi=(121) ./string/../sysdeps/x86_64/multiarch/memcmp.c
cfn=(374) bcmp
calls=1 29 
* 24 6
cob=(2)
cfi=(120) ./string/../sysdeps/x86_64/multiarch/strchrnul.c
cfn=(370) strchrnul
calls=1 31 
* 25 5
cob=(2)
cfi=(119) ./string/../sysdeps/x86_64/multiarch/strncase_l.c
cfn=(366) strncasecmp_l
calls=1 31 
* 21 5 1
cob=(2)
cfi=(117) ./string/../sysdeps/x86_64/multiarch/strcat.c
cfn=(362) strcat
calls=1 29 
* 17 5 1
cob=(2)
cfi=(116) ./wcsmbs/../sysdeps/x86_64/multiarch/wcscpy.c
cfn=(360) wcscpy
calls=1 60 
* 16 4 1
cob=(2)
cfi=(115) ./string/../sysdeps/x86_64/multiarch/strcspn.c
cfn=(358) strcspn
calls=1 29 
* 7
cob=(2)
cfi=(113) ./string/../sysdeps/x86_64/multiarch/strcasecmp.c
cfn=(354) strcasecmp
calls=1 31 
* 21 5 1
cob=(2)
cfi=(112) ./string/../sysdeps/x86_64/multiarch/strncmp.c
cfn=(352) strncmp
calls=1 67 
* 21 5 1
cob=(2)
cfi=(110) ./wcsmbs/../sysdeps/x86_64/multiarch/wmemchr.c
cfn=(348) wmemchr
calls=2 31 
* 46 8 2
cob=(2)
cfi=(108) ./string/../sysdeps/x86_64/multiarch/stpncpy.c
cfn=(344) stpncpy
calls=1 31 
* 19 4
cob=(2)
cfi=(107) ./wcsmbs/../sysdeps/x86_64/multiarch/wcscmp.c
cfn=(340) wcscmp
calls=1 30 
* 25 5 1
cob=(2)
cfi=(106) ./string/../sysdeps/x86_64/multiarch/strrchr.c
cfn=(336) rindex
calls=1 28 
* 25 5 1
cob=(2)
cfi=(104) ./debug/../sysdeps/x86_64/multiarch/memset_chk.c
cfn=(332) __memset_chk
calls=1 29 
* 24 6
cob=(2)
cfi=(103) ./string/../sysdeps/x86_64/multiarch/strchr.c
cfn=(330) index
calls=1 65 
* 19 5 1
cob=(2)
cfi=(100)
cfn=(324) wcschr
calls=2 31 
* 50 10 2
cob=(2)
cfi=(98) ./string/../sysdeps/x86_64/multiarch/memcmpeq.c
cfn=(320) memcpy@@GLIBC_2.14
calls=1 29 
* 22 6 2
cob=(2)
cfi=(96) ./wcsmbs/../sysdeps/x86_64/multiarch/wcsncpy.c
cfn=(316) wcsncpy
calls=1 31 
* 18 3 1
cob=(2)
cfi=(95) ./string/../sysdeps/x86_64/multiarch/memrchr.c
cfn=(312) memrchr
calls=1 29 
* 25 5 1
cob=(2)
cfi=(94) ./debug/../sysdeps/x86_64/multiarch/memcpy_chk.c
cfn=(308) __memcpy_chk
calls=1 29 
* 22 6 1
cob=(2)
cfi=(92) ./debug/../sysdeps/x86_64/multiarch/mempcpy_chk.c
cfn=(304) __mempcpy_chk
calls=1 29 
* 22 6 2
cob=(2)
cfi=(91) ./wcsmbs/../sysdeps/x86_64/multiarch/wcslen.c
cfn=(300) wcslen
calls=1 29 
* 19 5 1
cob=(2)
cfi=(89) ./string/../sysdeps/x86_64/multiarch/memset.c
cfn=(296) memset
calls=1 29 
* 24 6
cob=(2)
cfi=(87) ./wcsmbs/../sysdeps/x86_64/multiarch/wcsnlen.c
cfn=(292) wcsnlen
calls=1 30 
* 19 5 1
cob=(2)
cfi=(86) ./string/../sysdeps/x86_64/multiarch/strcmp.c
cfn=(290) strcmp
calls=1 79 
* 19 5 1
cob=(2)
cfi=(85) ./string/../sysdeps/x86_64/multiarch/strpbrk.c
cfn=(288) strpbrk
calls=1 29 
* 7
cob=(2)
cfi=(83) ./string/../sysdeps/x86_64/multiarch/strnlen.c
cfn=(284) strnlen
calls=2 31 
* 50 10 2
cob=(2)
cfi=(81) ./string/../sysdeps/x86/cacheinfo.c
cfn=(280) __x86_cacheinfo
calls=1 86 
* 28 3 1
fi=(5)
165 47
fi=(6)
479 47
fi=(5)
165 94 47 19
jcnd=45/47 +1 
* 
* 6
jfi=(77)
jump=2 301 
* 
-14 60 20 2
jcnd=20/20 -20 
* 
fi=(6)
400 48 16
+2 64 16
+4 16
+9 16
-9 32
+9 16
fi=(5)
150 32
jump=16 * 
* 
fi=(6)
320 20
+3 20
jump=20 423 
* 
-36 75 15 2
jcnd=15/15 * 
* 
fi=(5)
141 47
+1 47
-1 141
+2 47
jump=47 -12 
* 
fi=(6)
287 235 47 17
jcnd=47/47 * 
* 
fe=(77)
175 63 28 2
jcnd=7/7 +3 
* 
+3 7
-1 7
+19 7
-18 14
jfi=(6)
jump=7 287 
* 
356 20
+3 4
-3 4
+3 4
+4 8 4
+1 16
cfi=(140)
cfn=(436)
calls=4 117 
* 24 4 1
* 8 4 3
jcnd=4/4 -14 
* 
-63 6
jump=2 * 
* 
fi=(5)
180 6 2 1
jfi=(77)
jcnd=1/2 301 
* 
* 1
fe=(77)
+10 2
fi=(5)
73 1
fe=(77)
190 3
fi=(6)
436 7 1
fi=(5)
182 2
+1 2
-1 1
+3 1
-3 4
+3 2 1
-3 10
+1 10
-1 5
+3 5
-3 20
+3 10 5
+8 6
fi=(6)
+74 12 6
+7 12 6
+4 12 6
fe=(77)
170 24 6
fi=(4)
-30 18
fe=(77)
+31 12 6
+3 12 6
+8 12 6
-8 54 12
+12 12
-3 6
+1 6
+2 24 6 2
jcnd=6/6 * 
* 
* 12
+4 24
-4 6
+4 18
cfi=(78)
cfn=(270)
calls=6 772 
* 2969 429 65 1 1
+3 6
+1 12
-4 6
+4 30
fi=(6)
+93 18 6 2
jcnd=4/6 +30 
* 
* 2
+3 2
-3 6 2
+3 2
-3 2
+5 4 2 1
jcnd=2/2 +25 
* 
+25 36 6 0 6 1
jump=6 423 
* 
423 6
fi=(5)
196 18 6
-16 24 6 4
jcnd=5/6 +2 
* 
+31 7 1 1
jfi=(77)
jcnd=1/1 +90 
* 
fe=(77)
-33 7
-3 21 7
jump=7 +3 
* 

fl=(7)
fn=(450) __rtld_malloc_init_real
76 2
+10 1
fi=(143) ./elf/../sysdeps/generic/dl-hash.h
-41 1
-1 1
fe=(7)
+32 8
+11 1
-1 1
fi=(143)
-43 1
+5 3
+14 4
-17 3 1 1
jcnd=1/1 +3 
* 
+3 15
+14 20
-17 15 5 4
jcnd=4/5 +3 
* 
fe=(7)
+46 2
fi=(143)
-24 1
fe=(7)
+22 1
+2 2
fi=(143)
-19 1
fe=(7)
+19 1
cfn=(454) lookup_malloc_symbol
calls=1 -30 
* 574 74 15 1 1
+1 3
-1 1
+1 1
cfn=(454)
calls=1 -31 
* 563 73 7 1
+1 3
-1 1
+1 1
cfn=(454)
calls=1 -32 
* 648 87 10 2 2
+1 3
-1 1
+1 1
cfn=(454)
calls=1 -33 
* 583 76 7 1
+5 1
+1 1
+1 1
+1 1
+1 8

fn=(12) __rtld_malloc_init_stubs
42 1
+1 2
+1 2
+1 2
+1 2
+1 1

fn=(134)
239 2
+3 4 2
+2 2
+1 4 2 1
jcnd=1/2 +26 
* 
+4 3 1
-2 2
+4 2
jump=1 +3 
* 
* 26
jump=13 +3 
* 
+5 84 28 3
jcnd=14/28 -7 
* 
-2 56 28 6
jcnd=28/28 +2 
* 
+13 1
+4 4
-22 14
+15 14
-15 28 14 4
jcnd=13/14 +2 
* 
* 2
jump=1 +18 
* 

fn=(454)
61 8
+3 4
-3 12
+3 4
-3 12
+3 4
-3 4
+2 4
+1 16
cfi=(78)
cfn=(270)
calls=4 772 
* 2196 290 39 5 3
+4 28 4
+1 28 8
+2 4
fi=(144) ./elf/./dl-sym-post.h
-30 8 4
+12 12 4
fe=(7)
+19 24

fl=(76) ./elf/../sysdeps/x86_64/dl-cet.c
fn=(492) _dl_cet_setup_features
331 1
+3 2 1
jcnd=1/1 +16 
* 
+16 1

fn=(260) _dl_cet_check
361 8
-76 1
-10 2 1
+2 2
-1 1
+6 1
+3 1
+8 1
-11 1
+1 1
-1 1
+1 1
-1 1
+1 1
+10 4 2
+3 1
+4 2 1
+2 2
-1 1
+2 2 1
+2 2
-1 2
+4 1
+2 1
+3 2 1
145 2 1
+12 2 1 1
jcnd=1/1 +16 
* 
+16 1
+6 1
363 6

fl=(22)
fn=(62)
57 15
+44 15
+1 15
+1 15
+1 15
+1 15
+1 15
+1 15
+2 15
+2 15 15
+31 15
+1 15
+1 15
+1 15
+1 15 15 5
jcnd=6/15 +7 
* 
+1 9
+2 9
+4 6
+1 6
+1 6
+1 6
+1 6
+1 6
+1 6
+1 6
+1 6
+1 6
+1 6
+1 6
+5 48 6

fl=(32)
fn=(94)
98 172
+33 172
+1 172
+2 172
+1 172
+21 172
+1 172 172 26
jcnd=29/172 +44 
* 
+1 143
+1 143 143 7
jcnd=6/143 +42 
* 
+1 137
+1 137
+1 137
+1 137
+17 137
+1 137
+1 137
+1 137
+1 137
+1 137
+1 137 137 40
jcnd=126/137 2104 
* 
+5 11
+1 33
+9 11
+1 11
+1 11
+1 11
+1 11
+1 11
+1 11
+1 11 11 2
jcnd=2/11 +21 
* 
-7 35
+1 35
+1 35
+1 35
+1 35
+1 35
+1 35
+1 35 35 4
+1 44 44 24
jcnd=24/44 +5 
* 
+1 20
+1 20
+1 20
+2 20
+1 20
+1 20
+1 20
+1 20
+1 20 0 0 20 19
jump=1 780 
* 
jump=2 1970 
* 
jump=3 1732 
* 
jump=2 1613 
* 
jump=2 1494 
* 
jump=1 1137 
* 
jump=1 1018 
* 
jump=1 661 
* 
jump=3 899 
* 
jump=4 1851 
* 
-5 24
+1 24
+1 24
+1 24
+1 24
+1 24 0 0 24 15
jump=6 +81 
* 
jump=1 1613 
* 
jump=1 1494 
* 
jump=3 1732 
* 
jump=4 1256 
* 
jump=7 1851 
* 
jump=2 1137 
* 
+10 2
+1 2
+1 2
+2 2
+6 2
+1 2
+1 2
+1 2
+1 2
+5 2 2 2
jcnd=2/2 2095 
* 
+52 6
+1 6
+1 6
+1 6
+1 6
+2 6
+1 6
+1 6
+1 6
+1 6
+1 6
+1 6 6
+1 6
+3 6
+1 6
+1 6
+6 6
+1 6
+1 12
+4 6
+1 6 6
+3 6
+1 6
+1 6
+2 6
+1 6
+1 6
+4 6
+1 6
+1 6
+1 6
+1 6
+1 6 6 1
jcnd=6/6 2093 
* 
661 1
+1 1
+1 1
+1 1
+1 1
+2 1
+1 1
+1 1
+1 1
+1 1
+1 1
+1 1 1 1
jcnd=1/1 2095 
* 
780 1
+1 1
+1 1
+1 1
+1 1
+2 1
+1 1
+1 1
+1 1
+1 1
+1 1
+1 1 1
jcnd=1/1 2095 
* 
899 3
+1 3
+1 3
+1 3
+1 3
+2 3
+1 3
+1 3
+1 3
+1 3
+1 3
+1 3 3
jcnd=1/3 2095 
* 
+1 2
+4 2
+1 2
+1 2
+6 2
+1 2
+1 4
+4 2
+1 2 2
+3 2
+1 2
+1 2
+2 2
+1 2
+1 2
+4 2
+1 2
+1 2
+1 2
+1 2
+1 2 2 1
jcnd=1/2 2093 
* 
+7 1
+1 1
+2 1
+1 1 1
+2 1
+1 1
+1 1
+2 1
+1 1
+1 1
+4 1
+1 1
+1 1
+1 1
+1 1
+1 1 1 1
jcnd=1/1 2093 
* 
+41 1
+1 1
+1 1
+1 1
+1 1
+2 1
+1 1
+1 1
+1 1
+1 1
+1 1
+1 1 1
+1 1
+4 1
+1 1
+1 1
+6 1
+1 1
+1 2
+4 1
+1 1 1
+3 1
+1 1
+1 1
+2 1
+1 1
+1 1
+4 1
+1 1
+1 1
+1 1
+1 1
+1 1 1 1
jcnd=1/1 2093 
* 
+69 3
+1 3
+1 3
+1 3
+1 3
+2 3
+1 3
+1 3
+1 3
+1 3
+1 3
+1 3 3 2
jcnd=3/3 2095 
* 
1256 4
+1 4
+1 4
+1 4
+1 4
+2 4
+1 4
+1 4
+1 4
+1 4
+1 4
+1 4 4 4
jcnd=4/4 2095 
* 
1494 3
+1 3
+1 3
+1 3
+1 3
+2 3
+1 3
+1 3
+1 3
+1 3
+1 3
+1 3 3
+1 3
+4 3
+1 3
+1 3
+6 3
+1 3
+1 6
+4 3
+1 3 3
+3 3
+1 3
+1 3
+2 3
+1 3
+1 3
+4 3
+1 3
+1 3
+1 3
+1 3
+1 3 3 3
jcnd=3/3 2093 
* 
+69 3
+1 3
+1 3
+1 3
+1 3
+2 3
+1 3
+1 3
+1 3
+1 3
+1 3
+1 3 3
+1 3
+4 3
+1 3
+1 3
+6 3
+1 3
+1 6
+4 3
+1 3 3
+3 3
+1 3
+1 3
+2 3
+1 3
+1 3
+4 3
+1 3
+1 3
+1 3
+1 3
+1 3 3 1
jcnd=2/3 2093 
* 
+7 1
+1 1
+2 1
+1 1 1
+2 1
+1 1
+1 1
+2 1
+1 1
+1 1
+4 1
+1 1
+1 1
+1 1
+1 1
+1 1 1 1
jcnd=1/1 2093 
* 
+41 6
+1 6
+1 6
+1 6
+1 6
+2 6
+1 6
+1 6
+1 6
+1 6
+1 6
+1 6 6 1
jcnd=1/6 2095 
* 
+1 5
+4 5
+1 5
+1 5
+6 5
+1 5
+1 10
+4 5
+1 5 5
+3 5
+1 5
+1 5
+2 5
+1 5
+1 5
+4 5
+1 5
+1 5
+1 5
+1 5
+1 5 5 2
jcnd=4/5 2093 
* 
+7 1
+1 1
+2 1
+1 1 1
+2 1
+1 1
+1 1
+2 1
+1 1
+1 1
+4 1
+1 1
+1 1
+1 1
+1 1
+1 1 1 1
jcnd=1/1 2093 
* 
+41 11
+1 11
+1 11
+1 11
+1 11
+2 11
+1 11
+1 11
+1 11
+1 11
+1 11
+1 11 11 6
jcnd=6/11 2095 
* 
+1 5
+4 5
+1 5
+1 5
+6 5
+1 5
+1 10
+4 5
+1 5 5
+3 5
+1 5
+1 5
+2 5
+1 5
+1 5
+4 5
+1 5
+1 5
+1 5
+1 5
+1 5 5 3
jcnd=5/5 2093 
* 
+69 2
+1 2
+1 2
+1 2
+1 2
+2 2
+1 2
+1 2
+1 2
+1 2
+1 2
+1 2 2 1
jcnd=1/2 2095 
* 
+2 1
+4 1
+1 1
+1 1
+6 1
+1 1
+2 2
+4 1
+1 1 1
+3 1
+1 1
+1 1
+2 1
+1 1
+1 1
+4 1
+1 1
+1 1
+1 1
+1 1
+1 1 1
jcnd=1/1 +71 
* 
+71 26
+2 26
+1 26
+1 26
+1 26 26 4
jcnd=14/26 +6 
* 
-3 20
+1 20
+1 20
+1 20 20 8
jcnd=12/20 +6 
* 
+1 40
+5 20
+6 20
+1 20
+8 20
+1 20
-16 152
+6 152
+1 152
+8 152
+1 152

fn=(244) strncmp
98 1
+27 1
+1 1 1
+1 1
+1 1 1
+1 1
+2 1
+1 1
+2 1
+1 1
+21 1
+1 1 1
+1 1
+1 1 1
+1 1
+1 1
+1 1
+1 1
+17 1
+1 1
+1 1
+1 1
+1 1
+1 1
+1 1 1 1
jcnd=1/1 2104 
* 
2104 1
+3 1
+1 1 1
+2 1
+1 1
+8 1
+1 1

fl=(23) ./elf/../misc/sbrk.c
fn=(64) sbrk
37 4
+3 1
-3 2
+21 2 1
+4 2 1 1
jcnd=1/1 +16 
* 
+16 5

fl=(2) ./elf/./elf/rtld.c
fn=(2) _dl_start
517 16
85 1
547 4
85 1
543 1
fi=(6)
55 1
fe=(2)
+30 1
546 1
85 1
fi=(3) ./elf/./get-dynamic-info.h
-40 1
fe=(2)
546 1
fi=(3)
45 2 1 1
jcnd=1/1 +4 
* 
+23 18
-23 72 18 1
jfi=(4)
jcnd=1/18 +34 
* 
+4 36 18 12
jcnd=13/18 +19 
* 
+3 5
-1 10 5
+3 20 5 1
jcnd=1/5 +2 
* 
+1 16
jump=4 +13 
* 
+1 5 1 1
jcnd=1/1 +3 
* 
fi=(4)
+23 1
fi=(3)
+31 1
-38 3 1
+12 4 1
+1 3 1 1
jcnd=1/1 +1 
* 
+1 4 1
+1 4 1
+1 5 1
+1 3 1 1
jcnd=1/1 +1 
* 
+1 4 1
+1 4 1
+12 7 2 1
jcnd=1/1 * 
* 
+7 2 1 1
jcnd=1/1 +13 
* 
-51 4 1 1
jcnd=1/1 +3 
* 
+64 3 1
+6 3 1
+1 3 1
+3 2 1
+1 3 1
+5 5 2
+3 5 2
fe=(2)
563 11 2 1
jcnd=1/1 * 
* 
* 21 5 2
jcnd=2/3 * 
* 
* 6 2 1
jcnd=1/1 * 
* 
* 40 20 6
jcnd=11/20 * 
* 
* 36 9 6
jcnd=8/9 * 
* 
* 36 12 5
jcnd=12/12 * 
* 
* 4 1
fi=(4)
79 1
fe=(2)
563 1
fi=(4)
79 2
fe=(2)
563 23 3 1
jcnd=1/1 * 
* 
* 2 1 1
jcnd=1/1 * 
* 
* 2
fi=(6)
287 3
fi=(5)
49 1
fe=(2)
563 1
fi=(5)
50 1
-1 2
+4 1
-3 1
+3 4
+3 2 1 1
jcnd=1/1 +5 
* 
-7 1
fe=(2)
563 1
fi=(5)
50 1
-1 2
+4 1
-3 1
+3 4
+3 2 1 1
jcnd=1/1 +5 
* 
+7 3
+2 3
-2 6
fi=(6)
278 3
fi=(5)
64 6
fi=(6)
278 6 3
+9 24 3
+3 6
+1 6 3 3
jcnd=3/3 +26 
* 
+26 6 3 2
jcnd=2/3 +6 
* 
* 2 1 1
jfi=(5)
jcnd=1/1 61 
* 
+6 2
fi=(5)
61 6 2 2
jcnd=2/2 +2 
* 
* 7 3 1
jcnd=1/2 +2 
* 
fe=(2)
563 6 2 1
jcnd=1/2 +2 
* 
fi=(5)
51 1
fi=(4)
+28 2
jfi=(5)
jump=1 -30 
* 
fi=(3)
-17 4 1
+2 4
jump=1 +4 
* 
fe=(2)
565 1
+13 1
cfi=(7)
cfn=(12)
calls=1 42 
* 10
458 2
85 1
476 2
85 3
476 1
cfi=(8)
cfn=(14)
calls=1 25 
* 27 3
+2 1
+16 2
-17 1
+11 1
-10 1
+16 1
cfi=(9) ./elf/../sysdeps/unix/sysv/linux/dl-sysdep.c
cfn=(16) _dl_sysdep_start
calls=1 102 
* 128011 24213 3028 276 135
* 1
+2 2 1
+89 9
fi=(3)
103 3
jump=1 +7 
* 
fe=(2)

fn=(164) map_doit
641 2
+2 1
-2 4
+2 1
+1 2
-1 2
+1 3
cfi=(30)
cfn=(166)
calls=1 1967 
* 2643 446 146 8 2
* 1
+2 3

fn=(66) dl_main
1346 2
197 1
1346 11
199 1
302 1
+1 1
197 1
+99 3
1357 1
cfi=(24)
cfn=(68) __tls_pre_init_tp
calls=1 53 
* 17
2749 1
2538 1
2749 2 1
2598 1
+2 2
+15 1
-13 2
cfi=(25) ./elf/./elf/dl-environ.c
cfn=(70) _dl_next_ld_env_entry
calls=1 28 
* 27 8 3
* 4
cfi=(25)
cfn=(70)
calls=2 28 
* 169 55 18
* 9 3 1
jcnd=1/3 2727 
* 
+4 6 2
-2 2
+2 6 2
+1 2
-1 6 2
+1 17
-1 89 36 10
jcnd=17/19 +1 
* 
+9 12 2 0 2 2
jump=1 +25 
* 
jump=1 +72 
* 
2727 3 1 1
jcnd=1/1 1373 
* 
1373 1
+1 2
-1 2
+1 2 1 1
jcnd=1/1 1637 
* 
2687 3 1 1
jcnd=1/1 * 
* 
-47 2 1
+10 2 1 1
jcnd=1/1 * 
* 
1637 9
cfi=(26)
cfn=(72)
calls=1 59 
* 210 30 16 2 2
* 1
+2 2 1
+1 3
+6 1
-5 2
+1 3
+4 1
cfi=(26)
cfn=(84)
calls=1 31 
* 42 1 1 2 2
+1 2 1
1116 1
-1 1
1351 1
1143 1
-21 2
+21 2
-19 1
+1 1
-3 1
+21 2 1
+57 1
-82 1
+25 1
-3 1
+4 1
+19 1
+37 4
-56 39 13 4
jcnd=4/12 * 
* 
* 63 18 0 9 5
jump=2 -1 
* 
jump=1 +9 
* 
jump=4 +56 
* 
jump=1 +29 
* 
jump=1 +4 
* 
+56 4
-1 4
+1 8
-1 4
+2 8 4 2
jcnd=3/4 +3 
* 
+1 1
+2 12 4
+1 8 4 1
jcnd=1/4 +4 
* 
* 6 3 2
jcnd=3/3 +4 
* 
+4 8
+1 8 4
+1 4
+4 12
-72 12 4 3
jcnd=4/4 +1 
* 
* 15 5 4
jcnd=5/5 +1 
* 
1253 2
jump=1 +1 
* 
+1 22 11 7
jcnd=10/11 -1 
* 
+6 4
cfi=(30)
cfn=(88)
calls=1 868 
* 90 20 1
-7 26 13 1
jcnd=1/13 +13 
* 
+1 13
+6 13
-6 26 13 6
jcnd=11/13 * 
* 
fi=(31)
235 4
+1 2
-87 4 2 2
jfi=(2)
jcnd=2/2 1253 
* 
fe=(2)
1148 1
-5 1
+5 2
-5 2 1 1
jcnd=1/1 +1 
* 
+30 1
-9 2
+2 1
-3 1
+10 2 1
+18 2
jump=1 -48 
* 
-38 2
-10 1
+10 1
+1 9
-11 2 1 1
jcnd=1/1 +1 
* 
+1 8 4 1
jcnd=1/4 +99 
* 
* 6 3 2
jcnd=2/3 -1 
* 
1247 1
1143 1
1247 2
1143 3 1
jump=1 1253 
* 
1266 4 1 1
jcnd=1/1 +3 
* 
+3 3 1 1
jcnd=1/1 +2 
* 
+2 3 1
1672 3 1
+2 2
-1 1
+1 1
+1 3
-2 2
cfi=(32)
cfn=(94)
calls=1 98 
* 25 3 1
* 2 1
+7 1
+3 1
-5 1
+3 1
+2 1 1
+1 2
+4 2 1
+2 2 1
fi=(3)
39 4 1
+4 1
+2 1
+9 1
+1 1
-10 2 1 1
jcnd=1/1 +4 
* 
+23 26
-23 104 26 1
jcnd=1/26 +27 
* 
+4 52 26 12
jcnd=20/26 +19 
* 
+3 6
-1 12 6
+3 24 6 1
jcnd=1/6 +2 
* 
+1 20
jump=5 +13 
* 
fe=(2)
1243 1
1143 1
1243 1
1143 2 1 1
jcnd=1/1 +1 
* 
fi=(3)
72 4 1 1
jcnd=1/1 * 
* 
+43 2 1
+7 3 1
+1 4 1
+6 3 1 1
jcnd=1/1 +18 
* 
+18 4 1
+5 2
+2 2 1 1
jcnd=1/1 +2 
* 
+2 2 1 1
jcnd=1/1 +2 
* 
+2 2 1
+1 2
+3 4 1
+2 3
+1 2 1 1
jcnd=1/1 +9 
* 
+9 2 1
+6 2 1
+1 3
+3 3 1 1
jfi=(2)
jcnd=1/1 1698 
* 
fe=(2)
1698 4 1 1
jcnd=1/1 +7 
* 
+7 2
cfi=(8)
cfn=(14)
calls=1 25 
* 27 3
+3 2 1
fi=(33) ./elf/./setup-vdso.h
24 2 1 1
jfi=(34) ./elf/../sysdeps/unix/sysv/linux/dl-vdso.h
jcnd=1/1 +16 
* 
fi=(36) ./elf/./dl-main.h
+85 2
fi=(35) ./elf/../sysdeps/unix/sysv/linux/dl-vdso-setup.h
-64 1
fi=(36)
+64 3
cfi=(30)
cfn=(106)
calls=1 706 
* 2322 312 107 8 8
fe=(2)
1733 3
cfi=(45)
cfn=(144) _dl_debug_initialize
calls=1 56 
* 34 5 3
+7 1
-5 1
-2 1
+7 1 1 1
jcnd=1/1 +3 
* 
+4 1
+1 1
+2 1
-3 3
+1 2
+3 1
+11 1
-13 1
+13 1 1
+1 2 1
+5 1
-3 2
+2 1
+1 2
+5 3
jump=1 * 
* 
+1 5 1 1
jcnd=1/1 +2 
* 
-1 2 1 1
jcnd=1/1 +1 
* 
224 1
+1 1
-1 1
+1 3 1 1
jcnd=1/1 +1 
* 
+1 2 1 1
jcnd=1/1 1788 
* 
1788 2 1
+5 1
-1 1
1352 1
1793 1 1
+24 1
cfi=(46)
cfn=(146)
calls=1 192 
* 6 1
* 1
fi=(47) ./elf/../sysdeps/generic/dl-debug.h
29 4 1
+1 1
fe=(2)
1823 1
+1 1
cfi=(45)
cfn=(150) _dl_debug_state
calls=1 116 
* 2
+1 1
+4 3
cfi=(48)
cfn=(152)
calls=1 29 
* 17 1 1
+5 3 1
+2 1
+2 2 1 1
jcnd=1/1 85 
* 
+9 2 1
+16 4
cfi=(63) ./io/../sysdeps/unix/sysv/linux/access.c
cfn=(200) access
calls=1 25 
* 9 1 1
* 2 1
+76 4 1 1
jcnd=1/1 +4 
* 
+16 3 1 1
jcnd=1/1 85 
* 
85 1
1965 1
85 2
1965 1
85 1
1965 5
85 1
1965 2
cfi=(64) ./elf/./elf/dl-deps.c
cfn=(202) _dl_map_object_deps
calls=1 143 
* 7030 1244 334 15 5
92 1
+9 1
1971 1
92 2
+9 2
1971 2 1
+1 6
-1 4 1 1
jcnd=1/1 +1 
* 
+1 6
-1 12 3 2
jcnd=2/3 +1 
* 
+4 3
+1 2 1
+1 1
+2 6 1
jump=1 +1 
* 
* 8 2
+1 6 3 2
jcnd=2/3 -1 
* 
+46 1
-42 2 1
+8 3
+1 2 1
+2 1
+2 3 1 1
jcnd=1/1 +2 
* 
+2 1
-4 1
+5 1
-1 2 1 1
jcnd=1/1 +14 
* 
+14 2 1
+1 2
+1 3 1 1
jcnd=1/1 -25 
* 
-25 1
+36 2
+2 1
-2 1
+2 2
-2 1
+1 2
+1 1
-1 2
+1 1
cfi=(50) ./elf/./elf/dl-catch.c
cfn=(236) _dl_receive_error
calls=1 186 
* 3949 661 132 12 4
+10 1
+1 1
-1 1
+1 1 1 1
jcnd=1/1 +1 
* 
+3 2 1
837 1
fi=(192) ./elf/../sysdeps/unix/sysv/linux/dl-osinfo.h
39 2
fe=(2)
839 1
fi=(192)
52 1
fe=(2)
848 1
+7 1
-5 1
2047 3 1
2246 2
+4 1
-4 1
+10 1
-6 1
+6 1
-6 1
+9 2 1
+8 2
fi=(31)
36 2
+1 3 1
+3 3
+13 3
jump=1 -13 
* 
* 3
-13 3
+9 6 3
-9 1
+9 10 5 1
jcnd=1/4 -12 
* 
* 6 3
+4 12 3
-16 12 4 3
jcnd=3/4 +16 
* 
+34 1
fe=(2)
2279 1
fi=(31)
71 1
cfi=(76)
cfn=(260)
calls=1 361 
* 55 8 1
fe=(2)
2282 1
-3 2
+5 1
-2 2
+2 2 1
+1 6
cfi=(77)
cfn=(262)
calls=1 207 
* 67964 11988 1073 163 75
85 2
2292 1
85 2
2292 1
+1 8 1
jump=1 +2 
* 
* 9 3 1
jcnd=1/3 * 
* 
+2 8
+5 8
+2 8 4 1
jcnd=1/4 +2 
* 
+6 4
+2 8 4 1
jcnd=1/4 +5 
* 
+1 24
cfi=(77)
cfn=(262)
calls=3 207 
* 9922 1466 186 21 8
+4 8 4 3
jcnd=3/4 -22 
* 
* 2 1
+1 2
-23 1
+23 1
cfi=(46)
cfn=(438)
calls=1 1017 
* 28 2 1
-23 2 1 1
jcnd=1/1 +2 
* 
* 1
92 3
+1 1
2325 1
93 1
2325 1 1
+4 4 2
+2 1
+7 4
cfi=(46)
cfn=(440)
calls=1 523 
* 149 19 3 2 2
+3 2 1
jcnd=1/1 +4 
* 
+4 3 1
+2 2 1 1
jcnd=1/1 +10 
* 
+33 3
cfi=(147) ./elf/./elf/dl-call-libc-early-init.c
cfn=(464) _dl_call_libc_early_init
calls=1 27 
* 603 57 17 11 4
+7 1
cfi=(9)
cfn=(480) _dl_sysdep_start_cleanup
calls=1 147 
* 2
+3 3
cfi=(48)
cfn=(482)
calls=1 41 
* 11 2
+4 2
cfi=(45)
cfn=(196)
calls=1 38 
* 7 2 1
+1 1
-1 1
+2 1
cfi=(45)
cfn=(150)
calls=1 116 
* 2
+1 1
+4 1
cfi=(67)
cfn=(484) _dl_unload_cache
calls=1 525 
* 19 2 1
+5 8
2304 1
+1 1
-3 2 1 1
jcnd=1/1 +6 
* 
226 2 1
-2 1
+1 1
jump=1 +1 
* 
1773 1
+6 1
-6 2
+6 1 1 1
jcnd=1/1 224 
* 
fi=(3)
56 5 1
+3 4 1 1
jcnd=1/1 +3 
* 
fi=(34)
-19 2
+1 5 1
fi=(35)
-11 1
+3 1
+3 1
+3 1
fi=(34)
+16 2
jfi=(36)
jump=1 +54 
* 
fi=(3)
+17 3 1
+12 3 1 1
jcnd=1/1 +1 
* 
+1 5 1
+1 5 1
+1 5 1
+1 4 1 1
jcnd=1/1 +1 
* 
+1 5 1
+1 5 1
+1 5 1
+12 2
+7 1
-7 7 2 1
+7 2 1 1
jcnd=1/1 +5 
* 
fe=(2)
1743 4
jump=1 +1 
* 
2357 1
cfi=(141) ./elf/./elf/dl-find_object.c
cfn=(442) _dl_find_object_init
calls=1 561 
* 581 142 40 1 1
+5 3
cfi=(7)
cfn=(450)
calls=1 76 
* 2479 316 44 5 3
+3 1
cfi=(145) ./elf/../sysdeps/nptl/dl-mutex.c
cfn=(458) __rtld_mutex_init
calls=1 30 
* 503 56 13 4 4
85 1
2371 1
+1 3
85 3
2372 2
cfi=(77)
cfn=(262)
calls=1 207 
* 1613 239 34 3 2
92 3
+9 3
jump=1 2380 
* 
2687 2 1
+2 1
+1 1
-1 1
+1 1
+1 1
jump=1 -89 
* 
2040 2
cfn=(246) init_tls
calls=1 734 
* 831 349 30 5 3
* 2
jump=1 +2 
* 
2650 2 1
+2 2
+1 1
jump=1 -51 
* 
fi=(3)
62 4 1
+2 4
jump=1 +4 
* 
fe=(2)
1943 10 1 1
jcnd=1/1 * 
* 
85 1
1842 2
85 3
1842 2
cfn=(154) handle_preload_list
calls=1 869 
* 3098 483 163 9 3
* 1
92 3
+9 3
jump=1 1847 
* 
1943 6 1
+1 1
-1 1
+4 3
+1 1
+1 2 1
+1 2 1
-7 2
jump=1 +12 
* 

fn=(238) version_check_doit
674 2
+2 1
-2 4
+2 3
cfi=(73) ./elf/./elf/dl-version.c
cfn=(240) _dl_check_all_versions
calls=1 392 
* 3912 658 131 11 3
* 2 1 1
jcnd=1/1 +4 
* 
+4 3

fn=(246)
734 1
+6 1
-6 3
+2 2
+4 2 1
+11 1
fi=(28)
44 1
fe=(2)
746 1
+4 1
fi=(28)
44 1 0 0 1 1
cfi=(27)
cfn=(74)
calls=1 +36 
* 41 4 1 1
fe=(2)
761 1
-12 1
+6 1
-9 1
+11 1
+4 1 1
+2 3 1
-1 2
+3 2 1 1
jcnd=1/1 -1 
* 
* 6 3 2
jcnd=2/3 -1 
* 
+4 1
+2 1
-2 2
-5 1
-1 2 1 1
jcnd=1/1 +2 
* 
+10 3 1
+3 2
cfi=(46)
cfn=(248)
calls=1 97 
* 86 7 2
+3 1
cfi=(46)
cfn=(250)
calls=1 216 
* 79 7 3
+7 1
cfi=(46)
cfn=(252)
calls=1 417 
* 469 312 14 3 2
* 1
+1 2 1
+6 1
fi=(74) ./elf/../sysdeps/generic/dl-call_tls_init_tp.h
31 2
fe=(2)
793 1
fi=(74)
31 6 1
+2 1
cfi=(24)
cfn=(256) __tls_init_tp
calls=1 +35 
* 79 5 4
fe=(2)
800 1
-3 1
+3 4
-36 3
-1 6 3 2
jcnd=2/3 +2 
* 
* 1
jump=1 +10 
* 

fn=(154)
869 11
+5 1
-5 2
+5 2 1
-4 3
jump=1 +7 
* 
+7 3
cfi=(49) ./string/../string/strcspn.c
cfn=(156) strcspn
calls=1 32 
* 254 23 13
* 1
+1 3 1 1
jcnd=1/1 +2 
* 
+9 1
183 1
889 2
183 2 1
891 2 1
-80 1
+5 1
-6 1
-4 1
+10 2
-6 1
+4 1
+2 2
-5 1
+1 1
+4 1
cfi=(50)
cfn=(158) _dl_catch_error
calls=1 254 
* 2754 450 147 9 3
+1 3 1
+8 3
+67 1
-18 2 1
+21 9
-15 4
cfi=(29)
cfn=(82)
calls=1 210 
* 19 4 2
+1 2
jump=1 +6 
* 

fl=(11)
fn=(22) __GI___tunables_init
261 8
+22 1
-22 1
128 1
283 1
-22 1
+6 4 1
42 145 58 1
jcnd=1/29 304 
* 
+6 28
-3 28
+3 2072 600 41
jcnd=244/272 * 
* 
+4 56 28
+4 56
fi=(12) ./elf/./elf/dl-tunables.h
160 28
fe=(11)
56 56
jfi=(12)
jump=28 160 
* 
fi=(12)
161 20 10
-1 88 10
+1 76 38 8
jcnd=10/38 * 
* 
* 28
-1 56
jfi=(11)
jump=28 287 
* 
fe=(11)
281 4592 1148 28
jcnd=28/1148 42 
* 
+6 8036 2296 313
jcnd=868/1148 -6 
* 
* 280
fi=(12)
160 280
+1 560 280 14
jfi=(11)
jcnd=272/280 281 
* 
-1 19
+1 38 19 9
jfi=(11)
jcnd=8/19 281 
* 
* 38 19
-1 95 19 6
jcnd=19/19 * 
* 
fe=(11)
304 8

fn=(28)
387 36
+3 72
-3 36
+3 288 36 3
jcnd=3/36 +19 
* 
+9 33
-9 66 33 14
jcnd=14/33 +9 
* 
+19 22
+7 132 22 18
jcnd=22/22 +2 
* 
* 84 14 13
jcnd=14/14 +2 
* 
+2 36
-19 14
+1 14
jump=14 +16 
* 
+9 6
jump=3 * 
* 

fn=(58) __GI___tunable_set_val
153 15
-81 40 5
+81 15
-81 10 5
+10 5
fi=(193) ./elf/./dl-tunable-types.h
+2 5
fe=(11)
+9 40 5
+1 25 5
fi=(12)
+47 10 5 3
jcnd=5/5 +1 
* 
fe=(11)
-26 25
+1 5
+1 5
+1 5
+39 15
fi=(12)
-15 10
fe=(11)
-45 10 5 2
jcnd=5/5 +3 
* 
+3 5
fi=(12)
+51 5
fe=(11)
-51 5
+4 10 5 2
jcnd=5/5 -4 
* 
+7 10 5
+1 10 5 2
jcnd=5/5 +3 
* 
-12 25
jump=5 +11 
* 

fl=(20) ./elf/../sysdeps/x86/dl-cacheinfo.h
fn=(50) handle_intel.constprop.0
255 24 12
-5 12
+17 12
-17 96
+11 12
+1 12
+5 36
+4 24 12 10
jcnd=12/12 +5 
* 
+34 96
-29 12
+3 24
-3 12
+3 36
cfn=(52) intel_check_word.constprop.0
calls=12 123 
* 4092 1236 92
+2 24 12
+3 60
cfn=(52)
calls=12 123 
* 1272 244 58
+2 24 12 12
jcnd=12/12 +19 
* 

fn=(56) get_common_cache_info.constprop.0
571 11
+17 1
+1 1
+9 1
-12 1
+2 1
+2 1
+8 1
-11 1
+3 1
+11 2 1
-5 3
+17 1
+5 3 1
+4 2 1 1
jcnd=1/1 +5 
* 
770 5 2
+1 5
+4 2 1 1
jcnd=1/1 +8 
* 
+8 1
-1 1
+1 1
+1 1
+1 7
627 3 1 1
jcnd=1/1 * 
* 
* 2
+3 6 1 1
jcnd=1/1 * 
* 
-32 5
+75 4 2
+8 5
+2 2 1
-2 1
+6 3
+3 1
+1 5 2
-4 4 1
jump=1 +6 
* 
+21 2 1 1
jcnd=1/1 +3 
* 
-21 4
+2 1
+2 4 2
-4 1
+6 2 1 1
jcnd=1/1 +15 
* 
* 2 1
+3 2 1
+5 1
+2 2
+1 1
+1 1
-2 2
+1 1
-19 2 1 1
jcnd=1/1 +2 
* 
* 2 1
+46 2 1
+1 1
+1 2 1
+1 1
+25 3
jump=1 +11 
* 
630 3
jump=1 * 
* 
+10 6 3 2
jcnd=2/3 -10 
* 
+14 2 1
+4 1
+3 1
+1 1
-4 2
+3 3
+6 2 1 1
jcnd=1/1 +29 
* 
* 2 1
-37 12
+7 6 3
-7 3
+7 2 1
+3 20 4 3
jcnd=3/4 * 
* 
+5 2 1
+4 1
+1 1
-1 2
+1 1
jump=1 +17 
* 
+61 2 1
+7 1
+2 2
-16 1
+22 1
-6 2
+1 1
+5 1
jump=1 -41 
* 
-30 5
jump=1 -98 
* 

fn=(52)
123 48 24
-4 72
+10 24
-10 96
+10 48
-10 24
+10 24
-10 24
+10 24
+2 48 24
+71 48
fi=(21) ./elf/../bits/stdlib-bsearch.h
32 24
fe=(20)
202 120
jump=24 -69 
* 
-71 96 48 2
jcnd=12/48 -6 
* 
+2 60
+2 120 60
+8 120 60 2
jcnd=12/60 +12 
* 
+51 96 48 6
jcnd=48/48 +22 
* 
+22 48
fi=(21)
28 48
-1 96
+2 216 108 14
jfi=(20)
jcnd=24/60 131 
* 
+2 168
+1 84
fe=(20)
+78 168 84
+3 324 324 41
jfi=(21)
jcnd=60/324 -76 
* 
fi=(21)
-78 264
-6 528 264 24
jfi=(20)
jcnd=24/264 131 
* 
+2 480
+1 240
fe=(20)
+78 480 240 5
jcnd=240/240 +3 
* 
+15 12
246 144
fi=(21)
37 120
jump=60 -8 
* 
fe=(20)
155 36
+3 36 12
-6 12
+3 36 12 5
jcnd=9/12 +7 
* 
* 3
jump=3 +9 
* 
+9 18 9
+23 21
-32 63
+3 63 21 1
jcnd=1/21 +32 
* 
+4 58
+2 116 29 2
jcnd=9/29 * 
* 
+3 80 20 11
jcnd=18/20 +1 
* 
* 4 2 2
jcnd=2/2 +5 
* 
+1 36 18 7
jcnd=12/18 +1 
* 
* 12 6 2
jcnd=3/6 +4 
* 
+1 30 15 5
jcnd=6/15 +1 
* 
* 18 9 3
jcnd=3/9 +3 
* 
+1 24 12 6
jcnd=9/12 +17 
* 
* 6 3 3
jcnd=3/3 +17 
* 
+2 11
+2 22 11 4
jcnd=4/11 +2 
* 
+6 14 7 3
jcnd=3/7 +1 
* 
+3 8 4
+1 12
jump=4 +62 
* 
-20 15 6 2
jcnd=3/3 +8 
* 
+12 4
+2 4
+1 4
-2 4
-1 4
+2 8
-2 4
+3 4
-2 12
+2 12
jump=4 +67 
* 
+11 2
jump=1 +56 
* 
-9 12
jump=3 +65 
* 

fl=(25)
fn=(70)
28 3
+1 3
+3 9 3 2
jcnd=2/3 +2 
* 
* 27
+13 26
-13 52 26
+2 56 28 16
jcnd=24/28 -2 
* 
+1 8 4 3
jcnd=2/4 -3 
* 
* 4 2
+5 2
-3 2
+3 2
+2 2

fl=(155) ./elf/./elf/dl-init.c
fn=(498) call_init.part.0
26 48
+17 4
+3 4
-3 8
+3 8 4 1
jcnd=1/4 +1 
* 
+5 6 3
+8 9 3 2
jcnd=2/3 +4 
* 
+1 6 0 0 1 1
cob=(3)
cfi=(153)
cfn=(500)
calls=1 -60 
* 7 1 1
+3 3
+1 6 3 1
jcnd=1/3 +12 
* 
+6 4
+2 4
-2 2
+3 12 2
jump=2 +1 
* 
* 1
+1 4 0 0 1 1
cob=(2)
cfi=(160) ./libio/./libio/vtables.c
cfn=(518) check_stdfiles_vtables
calls=1 545 
* 12 3 1
* 8 0 0 2 2
cob=(2)
cfi=(157) ./csu/./csu/init-first.c
cfn=(510) _init_first
calls=1 -28 
* 72 7 0 1 1
cob=(4)
cfi=(156)
cfn=(504)
calls=1 -74 
* 12 1 1
-1 9 3 1
jcnd=1/3 * 
* 
+3 32
-29 2 1 1
jcnd=1/1 +29 
* 

fn=(496) _dl_init
81 13
+1 1
+1 1
+3 3 1 1
jcnd=1/1 -57 
* 
+8 2 1 1
jcnd=1/1 +25 
* 
+25 1
+1 5 1
jump=1 +1 
* 
* 3 1
+1 8
-92 8 4
+6 12 4 4
jcnd=4/4 +2 
* 
+2 8 4 1
jcnd=1/4 +83 
* 
* 9
+83 6
cfn=(498)
calls=3 -94 
* 206 23 7 3 3
* 6 3 2
jcnd=2/3 +1 
* 
+7 8
-98 2 1 1
jcnd=1/1 +6 
* 
+60 2
jump=1 +5 
* 
-54 3 1 1
jcnd=1/1 +2 
* 
+2 7 1
cfn=(498)
calls=1 -11 
* 77 8 2 2 2
* 2
jump=1 +52 
* 

fl=(70)
fn=(224)
25 4
+1 8 2
+1 2

fl=(9)
fn=(16)
102 5
+4 1
-4 1
+1 1
+3 1
cfn=(18) _dl_sysdep_parse_arguments
calls=1 -28 
* 378 126 26
+4 2
cfi=(11)
cfn=(22)
calls=1 261 
* 16700 4526 420
+3 1
cfi=(13)
cfn=(26) _dl_sort_maps_init
calls=1 289 
* 38 3 2
+2 2
cfi=(14)
cfn=(30)
calls=1 -79 
* 8 1
fi=(6)
220 1
cfi=(15)
cfn=(34) _dl_x86_init_cpu_features
calls=1 37 
* 7349 1710 239 1 1
fe=(9)
-98 3 1
+1 1
cfi=(22)
cfn=(62)
calls=1 -66 
* 17 2
* 1
+2 2
cfi=(23)
cfn=(64)
calls=1 -88 
* 16 2 1
* 3 1
+12 3 1
+3 5 0 0 1 1
cfi=(2)
cfn=(66)
calls=1 1346 
* 103468 17840 2340 274 133
+3 4

fn=(18)
78 1
+2 1
-2 6
+1 1
+1 1
-1 1
+2 2
+2 1
-2 1
+2 2 1
-1 1
+1 2 1 1
jcnd=1/1 -1 
* 
-1 27
+1 54 27 9
jcnd=26/27 -1 
* 
+7 4
jump=1 * 
* 
* 52 52 10
jcnd=51/52 * 
* 
fi=(10) ./elf/../sysdeps/unix/sysv/linux/dl-parse_auxv.h
-49 1
fe=(9)
+45 1
fi=(10)
-54 1
fe=(9)
+54 1
fi=(10)
-54 1
+1 1
+1 1
+7 3 1
+1 44 22
+1 22
-2 22
+2 22
-2 66 22 6
jcnd=21/22 +1 
* 
* 1
fe=(9)
+52 3
+1 1
+1 2
fi=(10)
-49 1
+1 1
fe=(9)
+46 1
fi=(10)
-45 1
+3 1
+1 1
+1 1
+1 1
+2 1
-5 1
-4 1
+1 1
+4 1
+1 1
+3 1
-7 1
-4 1
+1 1
+8 1
fe=(9)
+40 1
-1 1
+2 1
+1 6

fn=(480)
147 1
+1 1

fl=(24)
fn=(68)
53 3
+3 8
+5 1
-5 1
+5 1
+1 1
-6 1
+8 1

fn=(86)
42 8
+2 16

fn=(256)
68 2
fi=(194) ./elf/../include/list.h
-24 1
fe=(24)
+24 3
fi=(194)
-25 1
fe=(24)
+26 1
+3 1
fi=(194)
-29 1
+1 1
+1 1
+2 1
fe=(24)
+28 4
+1 2
+1 1
+5 2
+5 1
+6 1
-3 1
+3 1
-6 3
+6 1
+12 4
cfi=(11)
cfn=(28)
calls=1 387 
* 24 3 2
fi=(75) ./elf/../sysdeps/unix/sysv/linux/rseq-internal.h
-73 3 1 1
jcnd=1/1 +2 
* 
+8 1
fe=(24)
+81 3
+7 2
+1 3
fi=(75)
-95 7
+3 2 1 1
jcnd=1/1 +3 
* 
fe=(24)

fl=(55)
fn=(178)
30 3
+9 12 3
+33 3

fl=(45)
fn=(144)
56 3
+3 2 1
+4 1
+22 1
+10 1
-32 2 1
+1 1
+21 2 1 1
jcnd=1/1 -28 
* 
+5 2
+1 1
+4 1
-4 1
-1 1
+2 1
+3 1 1 1
jcnd=1/1 +1 
* 
+4 2 1 1
jcnd=1/1 +8 
* 
+8 2
-50 1
+4 2
jump=1 +29 
* 
+35 6
jump=1 +3 
* 

fn=(196)
38 3
+3 3
-1 6 3 3
jcnd=3/3 +4 
* 
+4 6 3
+4 3

fn=(150)
116 2
+1 2

fl=(26)
fn=(84)
31 12
+2 3
-2 6
+2 3
-2 9
+2 3 0 0 3 1
cfi=(24)
cfn=(86)
calls=3 +9 
* 9
+2 24 3 1
jcnd=1/3 +10 
* 
* 2
+3 8 2 2
jcnd=2/2 * 
* 
* 12 3 1
jcnd=1/3 * 
* 
+2 2
+2 2
+4 2
+4 2
-4 4
+1 4
+1 4
+3 10
-1 2 0 0 2
cfi=(24)
cfn=(86)
calls=2 -8 
* 6
-4 1
+4 1
-4 2
+1 2
+1 2
+3 5
-1 1 0 0 1 1
cfi=(24)
cfn=(86)
calls=1 -8 
* 3
-5 2
jump=1 +1 
* 

fn=(72)
59 45
+3 6 3 1
jcnd=1/3 +2 
* 
+18 4
+3 2
cfi=(22)
cfn=(62)
calls=2 -26 
* 52 5 1
+4 2
-4 2
+4 2
+5 2
-9 6
fi=(28)
-39 4 0 0 2
cfi=(27)
cfn=(74)
calls=2 +36 
* 183 19 10 2
fe=(26)
+39 1
fi=(28)
-39 2 0 0 1 1
cfi=(27)
cfn=(74)
calls=1 +36 
* 47 4 2 1 1
* 3
fe=(26)
+51 6 3
+5 3
+4 3
-6 3
+2 3
+4 3
-5 3
+4 3
+1 3
-1 3
+1 6
cfi=(29)
cfn=(82)
calls=3 210 
* 44 11 6
* 3
+15 3
-15 3
+2 3
+13 6 3 2
jcnd=2/3 +4 
* 
+6 1
+2 7
+3 2 1
jcnd=1/1 +1 
* 
-3 14
+3 4 2 2
jcnd=2/2 +1 
* 
+2 3
+4 3
+3 6 3 2
jcnd=2/3 +16 
* 
* 4 1
+2 4 1 1
jcnd=1/1 * 
* 
* 8
-2 8
+2 8
-2 16 8 7
jcnd=7/8 +2 
* 
+16 6
-5 3
+5 3
-6 3
+6 3
-6 3
+6 6 3 1
jcnd=1/3 -2 
* 
+2 4
+3 4 2
-3 4
+7 8 2
+4 6 2 1
jcnd=2/2 * 
* 
+8 1
+13 1
-10 2
+10 3 1 1
jcnd=1/1 +74 
* 
* 2
-10 4
+10 6 2
+2 2
cfi=(22)
cfn=(62)
calls=2 57 
* 70 6 1
+21 2
-21 6
+17 2
-13 6 2
jfi=(28)
jump=2 56 
* 
+50 6
cfi=(29)
cfn=(126)
calls=2 -48 
* 34 6 2
* 2
+5 4
+1 4 2 2
jcnd=2/2 -1 
* 
-1 80
+1 80 40 12
jcnd=38/40 -1 
* 
+4 4
+1 2
+3 2
+4 27
131 6
jump=3 +1 
* 
-8 2
-4 4 2 2
jcnd=2/2 +8 
* 
+34 1
+7 4 1
jump=1 +16 
* 
+8 8 2 2
jcnd=2/2 +21 
* 
fi=(28)
56 4 0 0 2 1
cfi=(27)
cfn=(78)
calls=2 -20 
* 60 6
* 2
fe=(26)
200 4 2
-1 4
jump=2 +46 
* 
64 2 1 1
jcnd=1/1 +2 
* 
+2 3 1
+1 2 1
+4 6
+6 2
jump=1 +6 
* 

fl=(67)
fn=(222) _dl_cache_libcmp
357 8
+1 8
+32 8
-33 8
+1 18 9 1
jcnd=1/1 +32 
* 
+2 40
+2 40
-2 80 40 3
jcnd=1/40 +2 
* 
+20 78 39
+2 78 39 7
jcnd=7/39 +1 
* 
-12 32
+2 32
+14 32
+1 32
-29 64 32 7
jcnd=32/32 +2 
* 
+32 3
-28 2 1
+6 1
+2 1
-2 1
+1 1
-1 1
+1 1
-1 1
+2 3 1 1
jcnd=1/1 +2 
* 
+2 1
-3 1
+3 3 1 1
jcnd=1/1 +2 
* 
+2 2 1 1
jcnd=1/1 -16 
* 
+9 21

fn=(214)
403 10
+2 2 1
+3 3 1 1
jcnd=1/1 +3 
* 
+74 1
205 1
482 2 1
+3 3
fi=(69) ./elf/../sysdeps/x86/dl-procinfo.h
39 2 1
+3 3
cfi=(32)
cfn=(94)
calls=1 +56 
* 25 3
* 4 1 1
jfi=(67)
jcnd=1/1 208 
* 
fe=(67)
208 6
cfi=(11)
cfn=(28)
calls=1 387 
* 23 3 1
* 1
+12 1
-10 1
-2 1
+12 2 1
-7 5
+9 5
+1 1
-32 2
+36 1
-4 1
+4 2 1
-5 30
+1 6
-32 12
+36 6
-4 6
+4 12 6
+4 21
cfn=(222)
calls=7 357 
* 528 143 20
+1 14 7 1
jcnd=1/7 -12 
* 
346 6 6 4
jcnd=3/6 +1 
* 
+3 3
220 6 3 2
jcnd=3/3 +2 
* 
347 3
220 6 3 2
jcnd=3/3 +2 
* 
* 2
+2 10
jump=1 +18 
* 
+20 2
+3 2 1
+2 4
cfn=(222)
calls=1 357 
* 73 20 1
* 2 1 1
jcnd=1/1 -37 
* 
-7 2 1 1
jcnd=1/1 +2 
* 
-30 3
+1 1
fi=(195) ./elf/../sysdeps/x86/dl-isa-level.h
28 2
fe=(67)
210 2
fi=(195)
28 1
fe=(67)
210 1
+1 1
-1 3
+76 3
fi=(195)
28 3
jfi=(67)
jump=1 259 
* 
fe=(67)
259 2 1 1
jcnd=1/1 +10 
* 
+10 3 1
+1 4 1
+16 1
fi=(68) ./elf/../sysdeps/generic/dl-cache.h
125 1
fe=(67)
286 3 1
+9 2 1
+3 2 1
+3 1
+1 2 1 1
jcnd=1/1 * 
* 
* 1
+28 2
500 2 1
+12 2
cfi=(22)
cfn=(62)
calls=1 57 
* 35 3 1
+1 1
-1 1
+1 7 1 1
jcnd=1/1 * 
* 
* 5 1
+1 1
-1 1
+1 1
-1 1
+1 1
cfi=(29)
cfn=(82)
calls=1 210 
* 11 2
* 1
+1 1
cfi=(44)
cfn=(138)
calls=1 40 
* 95 9 1 1
+1 8
411 4
cfi=(52)
cfn=(216) _dl_sysdep_read_whole_file
calls=1 36 
* 103 12 4
* 1
+8 5 2
+1 6 1 1
jcnd=1/1 * 
* 
* 2 1
+3 3
+1 1
-1 3 1
fi=(68)
194 1
+1 5 2 1
jfi=(67)
jcnd=1/1 431 
* 
fe=(67)
431 1
+1 2
jump=1 +50 
* 

fn=(484)
525 1
+1 4 1 1
jcnd=1/1 -1 
* 
-1 1
+3 1
-3 1
+3 1
cfi=(140)
cfn=(486)
calls=1 117 
* 6 1
+7 1
-6 1
+4 1
+2 1

fl=(15)
fn=(462)
71 1
-32 3 1
+32 2

fn=(34)
37 1
+2 3 1 1
jcnd=1/1 +2 
* 
+2 1
cfi=(16) ./elf/../sysdeps/x86/cpu-features.c
cfn=(36) init_cpu_features.constprop.0
calls=1 682 
* 7344 1709 238 1 1

fl=(182)
fn=(602)
24 32
+4 8 4
+6 4
-2 4
+3 8 4 2
jcnd=2/4 +12 
* 
+3 2
+1 2
-1 2
+1 4
+3 8 2
+1 2 0 0 2 2
cob=(4)
cfi=(156)
cfn=(630)
calls=1 -43 
* 98 17 4 1 1
cob=(5) /mnt/c/Users/pk345/Downloads/pointer-chase-megaop-main/pointer-chase-megaop-main/atomic_chase/bench_atomic
cfi=(161) ???
cfn=(604) 0x0000000000001260
calls=1 -43 
* 98 17 7 1 1
-1 8 2
+5 4
+1 8 4 2
jcnd=2/4 +2 
* 
+1 4
+1 10
-1 2 0 0 2 2
cob=(3)
cfi=(153)
cfn=(646)
calls=1 -49 
* 4
cob=(3)
cfi=(153)
cfn=(626)
calls=1 -49 
* 4
+1 12

fl=(43)
fn=(130)
132 7
+1 35
+5 7
+1 7 7 5
jcnd=5/7 350 
* 
+3 2
+1 2 2 1
jcnd=2/2 244 
* 
244 2
+1 2
+12 2
+3 2
+1 2 2
+12 2
+1 2
+13 2
+1 2
+2 2 2 1
jcnd=1/2 +18 
* 
+3 1
+3 2
+3 1
+1 1
+1 1
+1 1
+1 1
+1 1
+1 1 1 1
jcnd=1/1 -6 
* 
-6 34
+1 34
+1 34
+1 34
+1 34
+1 34
+1 34 34 9
jcnd=33/34 -6 
* 
+3 2
+1 2
+1 2
+1 2
+5 2
+34 5
+2 5
+1 5 5 4
jcnd=5/5 +39 
* 
+39 5
+1 5
+2 5

fl=(13)
fn=(26)
289 2
+1 2
-1 2
+1 2
cfi=(11)
cfn=(28)
calls=1 +97 
* 24 3 2
+2 3
-1 1
+2 2

fn=(234) dfs_traversal.part.0
135 72
+10 8
-2 8
+2 16 8 3
jcnd=3/8 +11 
* 
+2 20 5
-7 20 10
+7 40 10 5
jcnd=5/10 -7 
* 
+9 16 8 4
jcnd=4/8 * 
* 
+15 24
+1 8
+1 48
-17 12 4 4
jcnd=4/4 +15 
* 

fn=(232)
298 24
+8 2
-8 2
+8 4 2 2
jcnd=2/2 -95 
* 
+4 16
-99 2
-28 2
-2 2
+1 4
+29 2
-28 8 2
+1 2
-1 2
+1 2
-1 4 2 2
jcnd=2/2 +1 
* 
+1 6
-1 6
+1 6
-1 12 6 4
jcnd=4/6 +1 
* 
+28 18 2 2
jcnd=2/2 * 
* 
* 12 2
+8 6
-3 2
+2 2
+1 4
-3 2
+5 8
jump=2 +2 
* 
* 18 6
+2 8
-83 40 8
cfn=(234)
calls=8 -5 
* 292 45 16
+86 24 8 6
jcnd=6/8 -5 
* 
+18 8 2 2
jcnd=2/2 +19 
* 
+32 8 4 2
jcnd=2/2 +7 
* 
+7 2
+27 2
jump=2 * 
* 
-47 6
cfi=(29)
cfn=(82)
calls=2 -53 
* 22 4
* 2
jump=2 +13 
* 

fl=(146) ./elf/./elf/dl-lookup-direct.c
fn=(460) _dl_lookup_direct
74 30
+2 3
-2 6
+4 3
-4 3
+2 3 3 1
+2 9
+37 3
-37 9
+1 6 3
+2 12
+3 15 3 1
jcnd=1/3 +9 
* 
* 10 2 1
jcnd=1/2 +9 
* 
+2 6
-54 3
+54 3
-54 3
+54 3
-54 9 3 3
jcnd=3/3 +1 
* 
+1 9
+2 6
+1 6 3
+12 9 3
+3 3
+2 6
-2 3
+2 9
cfi=(32)
cfn=(94)
calls=3 +45 
* 209 22 5 3 3
* 6 3
+4 6
+1 3
-1 3
+1 18 3
+1 9
cfi=(32)
cfn=(94)
calls=3 +39 
* 198 21 5 3 3
* 6 3
+57 27
-23 6 2 2
jcnd=2/2 -9 
* 

fl=(63)
fn=(200)
25 1
+2 4 1 1
jcnd=1/1 * 
* 
* 3
+4 1

fl=(29)
fn=(82)
210 16
+1 16
+6 16
+1 16 16 6
jcnd=6/16 +90 
* 
+2 10
+1 10
+1 10 10 3
jcnd=3/10 392 
* 
+2 7
+1 7
+1 7
+2 7
+80 6
+1 6 6 5
jcnd=5/6 +55 
* 
+2 1
+4 1 1
+1 1
+1 1 1
+1 1
+1 1 1 1
jcnd=1/1 +4 
* 
+4 1
+2 1
+39 5
+1 5
+1 5
+1 5
+1 5
+7 3
+1 3
+1 3
+1 3
+1 3
+1 3
+1 3
+11 3
+1 3 3
+2 3
+1 3
+1 3 3 3
jcnd=3/3 -22 
* 

fn=(126)
197 13
+1 13
+1 13
+1 13
jump=13 +17 
* 
+17 13
+1 13 13 8
jcnd=8/13 +90 
* 
+2 5
+1 5
+1 5 5 1
jcnd=1/5 392 
* 
+2 4
+1 4
+1 4
+2 4
+80 8
+1 8 8 7
jcnd=7/8 +55 
* 
+2 1
+4 1 1
+1 1
+1 1 1 1
jcnd=1/1 +8 
* 
+8 1
+39 7
+1 7
+1 7
+1 7
+1 7
+7 1
+1 1
+1 1
+1 1
+1 1
+1 1
+1 1
+11 1
+1 1 1
+2 1
+1 1
+1 1 1 1
jcnd=1/1 -22 
* 

fl=(141)
fn=(448) _dlfo_sort_mappings
536 1
+1 2 1
+3 4
+4 1
+1 1
-1 1
+1 2 1
-1 1
+1 1
-1 1
+1 6 1
+1 10 2 1
jcnd=1/2 -1 
* 
* 5 1
+3 2
-1 2
-3 9 3 1
jcnd=1/1 +1 
* 
+8 6
+1 4
-1 2
-13 4
+14 6
+1 4
-15 4 2 1
jcnd=1/2 +4 
* 
+17 1

fn=(442)
561 2
+3 1
-3 3
+5 2 1 1
jcnd=1/1 +1 
* 
+13 1
cfn=(446) _dlfo_process_initial
calls=1 474 
* 81 21 7
+1 1
-1 1
+1 1
fi=(28)
56 1 0 0 1 1
cfi=(27)
cfn=(78)
calls=1 -20 
* 30 3
fe=(141)
580 1
fi=(28)
56 1
fe=(141)
582 2 1
+3 2 1
+5 1
+1 1
cfn=(446)
calls=1 474 
* 282 81 20
+3 3 1 1
jcnd=1/1 +2 
* 
+10 4
-37 2
cfi=(142) ./elf/./dl-find_object.h
cfn=(444) _dl_find_object_from_map
calls=1 95 
* 68 22 8
* 1
jump=1 +12 
* 
+29 2
cfn=(448)
calls=1 -60 
* 80 11 3
+3 6
+2 1
jump=1 +3 
* 

fn=(446)
474 2
+3 2
-3 6
+1 2
+3 4 2
+26 14 2
+1 6 2 2
jcnd=2/2 +3 
* 
+1 8
-1 16 8 2
jcnd=2/8 -1 
* 
+3 16 8 2
jcnd=2/8 -2 
* 
* 12 6
+3 24 6 4
jcnd=6/6 +2 
* 
-7 10 2
+27 2
-2 2
+2 6
-18 18 6 3
jcnd=3/6 +4 
* 
+3 6
-1 6
cfi=(142)
cfn=(444)
calls=3 95 
* 189 60 14
+2 12
jump=6 -11 
* 

fl=(8)
fn=(14)
25 4
+3 4
-3 4
+3 8 4
+3 12 4
+1 8
+2 4
-1 4
+3 12 4
+1 4
+1 8
+7 4
-5 4
-2 4
+3 8
+2 4
+2 8
+5 4

fl=(58)
fn=(184)
33 2
+2 6 2 1
jcnd=1/2 -2 
* 
* 1
-2 4
+7 1
-7 2
+7 1
-7 2
+7 1
-7 1
+7 1
cfi=(11)
cfn=(28)
calls=1 387 
* 24 3 2
* 3 1 1
jcnd=1/1 +7 
* 
+7 1
+2 6

fl=(64)
fn=(206) openaux
61 12
+7 2
-4 6
+1 2
-1 14
cfi=(30)
cfn=(166)
calls=2 1967 
* 5241 920 248 10 2
* 2
+5 6

fn=(202)
143 4
+1 2
-1 1
+1 1
-1 2
+1 1
-1 1
+1 1
-1 4
+1 3
-1 1
+1 3 1 1
jcnd=1/1 * 
* 
* 4 1 1
jcnd=1/1 * 
* 
-8 1
+8 2
-8 1
-6 1
-2 1
+16 1
-8 1
-7 1
+1 1
+6 1
+24 4 1
-28 3
-2 1
+31 1
-33 2
+2 2
+30 2
-30 1
-1 4
+7 4
+24 3 1
+28 3
-6 1
+46 1
fi=(72) ./elf/../include/scratch_buffer.h
77 1
fe=(64)
+87 1
fi=(72)
-87 1
+1 1
fe=(64)
184 1
+44 4
-31 1
-4 1
+4 2 1 1
jcnd=1/1 +1 
* 
* 3
-4 3
+4 6 3 3
jcnd=3/3 +1 
* 
+11 8 4 2
jcnd=2/4 +2 
* 
* 4 2
-18 2
+18 4 2 1
417 8 4 2
jcnd=2/4 +22 
* 
+2 2
+3 2
-3 6
+3 2
-3 2
fi=(28)
56 2 0 0 2 1
cfi=(27)
cfn=(78)
calls=2 -20 
* 60 6
fe=(64)
423 6
fi=(28)
56 2
fe=(64)
423 2 2
+6 2
+1 10
cfi=(29)
cfn=(82)
calls=2 210 
* 22 4 2
+1 10
cfi=(29)
cfn=(82)
calls=2 210 
* 22 4 2
+3 2
+1 4
+4 6 2 2
jcnd=2/2 +2 
* 
* 6 2 2
jcnd=2/2 +2 
* 
188 6
jump=3 +9 
* 
442 9 3 3
jcnd=3/3 188 
* 
-1 4
+1 8 4 3
jcnd=3/4 * 
* 
183 6
jfi=(72)
jump=1 -98 
* 
+27 8 2 2
jcnd=2/2 +7 
* 
+7 2
+4 2
-6 2
+1 2
+1 2
+1 4
+3 6 2
-2 2
-29 10
+32 112 56 6
jcnd=54/54 +44 
* 
+6 8
cfi=(30)
cfn=(204)
calls=2 +10 
* 118 7 2
* 6 2 2
jcnd=2/2 * 
* 
+4 4
-2 2
+2 4
cfi=(50)
cfn=(160) _dl_catch_exception
calls=2 -28 
* 5417 928 250 12 3
+1 4 2
+9 2
+2 4 2
+5 6 2 2
jcnd=2/2 * 
* 
* 4
+6 2
+2 2
-8 4
+3 2
+1 2
+1 2
+1 2
+4 2
-3 2
+3 6
+4 6 2 1
jcnd=1/2 -42 
* 
+1 3
-43 4 1 1
jcnd=1/1 +1 
* 
* 220 55 8
jcnd=53/55 +1 
* 
* 6
jump=2 417 
* 
+7 4
jump=2 +4 
* 
+38 162 54 5
jcnd=54/54 -45 
* 
fi=(72)
85 3 1 1
jfi=(64)
jcnd=1/1 448 
* 
fe=(64)
448 5 2
+1 1
+3 4 1 1
jcnd=1/1 +11 
* 
+11 5
fi=(28)
56 1 0 0 1 1
cfi=(27)
cfn=(78)
calls=1 -20 
* 30 3
fe=(64)
465 3
fi=(28)
56 1
fe=(64)
465 1 1
+5 2
+1 1
-1 3
+4 3 1
-2 2
jump=1 +6 
* 
+13 3
+5 3
-16 9 3 1
jcnd=1/3 +21 
* 
+11 3
-7 3
+7 3
-2 6 3 3
jcnd=3/3 +2 
* 
-5 1
+7 1
-2 2 1
+2 1
-11 1
+11 1
+5 1
-16 3 1 1
jcnd=1/1 +11 
* 
+21 3 1 1
jcnd=1/1 -1 
* 
+37 2 1
+15 2
-14 2 1 1
jcnd=1/1 +14 
* 
+20 1
-1 4
+1 4
-1 5
cfi=(13)
cfn=(232)
calls=1 298 
* 277 40 13
+5 1
+2 1
+1 1
+1 2
-2 1
+2 1 1 1
jcnd=1/1 +7 
* 
+7 3 1 1
jcnd=1/1 +3 
* 
+3 2 1
+3 8
198 16 8 1
jcnd=1/4 +10 
* 
* 9 3 1
jcnd=1/3 +10 
* 
+3 2
fi=(72)
-70 8
cfi=(71)
cfn=(228)
calls=2 30 
* 50 4 4
fe=(64)
+70 6 2
+4 4
jump=2 +3 
* 
547 4
cfi=(29)
cfn=(82)
calls=1 210 
* 11 2
* 3
jump=1 +6 
* 
-53 2
jump=1 +38 
* 
144 2
jump=1 -8 
* 

fl=(142)
fn=(444)
95 8
+1 8
+1 4
+6 20
+1 8 4 4
jcnd=4/4 +1 
* 
* 111 37
+1 82 41 18
jcnd=37/41 -1 
* 
+2 12
+5 4

fl=(65)
fn=(210)
28 6
+1 12
cfi=(66) ./io/../sysdeps/unix/sysv/linux/fstatat64.c
cfn=(212) fstatat
calls=3 146 
* 28 3 3

fl=(49)
fn=(156)
32 6
+1 3 1
+1 2 1
+5 6
+1 4
+1 4
+1 4
+2 1
+3 3
+1 2 1 1
jcnd=1/1 -1 
* 
-1 6
+1 4 2 1
jcnd=1/2 -1 
* 
+3 4 1
+1 4 1
+1 4 1
+1 4 1
+2 3
+6 1
-1 1
+1 1
+2 2
-1 2
+2 1
+2 6 1 1
jcnd=1/1 -5 
* 
-5 12
-1 12
+1 12
+2 24
-1 24
+2 12
+2 72 12 9
jcnd=11/12 -5 
* 
+2 1
+1 2 1 1
jcnd=1/1 * 
* 
* 1
+1 2
-1 1
+1 1

fl=(39) ./elf/./elf/dl-hwcaps_split.c
fn=(120) _dl_hwcaps_split
25 5
+1 3 1 1
jcnd=1/1 +21 
* 
+21 1
-20 1
+20 3

fn=(114) _dl_hwcaps_split_masked
51 110
-25 44 11 9
jcnd=9/11 +4 
* 
+36 5
-7 5
+7 35
-26 24 12 3
jcnd=3/12 +26 
* 
+5 27
cfi=(41)
cfn=(118)
calls=9 -9 
* 216 18
* 9
+1 18 9 2
jcnd=3/9 +1 
* 
+3 6
+11 12
+1 18
+1 12 6 2
jcnd=3/6 * 
* 
-2 6
+1 9
+1 6 3 2
jcnd=3/3 * 
* 
-28 24
+4 36 12 6
jcnd=6/12 +2 
* 
* 12
+1 12
-1 30 6
jump=6 +2 
* 
+24 6
+9 12 6 4
jcnd=6/6 -5 
* 
-5 6
-2 6
+2 42
-19 6
cfi=(22)
cfn=(62)
calls=3 +14 
* 51 6
* 6
jump=3 +13 
* 

fl=(54)
fn=(174)
25 2
+1 8 2
+1 2

fl=(62)
fn=(194)
25 3
+1 12 3
+1 3

fl=(145)
fn=(458)
30 2
+10 3
-10 3
+10 1
-10 1
+10 1
-10 1
+7 1
+3 2
cfi=(146)
cfn=(460)
calls=1 +34 
* 233 27 9 2 2
+4 2 1
+1 8 2
+2 3
-2 1
+2 3
cfi=(146)
cfn=(460)
calls=1 +27 
* 223 23 4 2 2
+4 2 1
+1 7 2
+1 6

fl=(1) ???
fn=(0) 0x000000000001f540
0 2
cfi=(2)
cfn=(2)
calls=1 517 
0 128684 24365 3084 276 135
0 5 1 1
0 3
cfi=(76)
cfn=(492)
calls=1 331 
0 4 1
0 10
cfi=(155)
cfn=(496)
calls=1 81 
0 393 53 20 5 5
0 3 0 0 1 1
cob=(5)
cfi=(161)
cfn=(522) (below main)
calls=1 0 
0 280004725 80000812 201 33 16

fl=(37)
fn=(108)
172 6
+3 1
-3 3
+3 1
-3 5
+2 1
cfi=(38) ./elf/../sysdeps/x86_64/dl-hwcaps-subdirs.c
cfn=(110) _dl_hwcaps_subdirs_active
calls=1 29 
* 49 12 2
+1 1
fi=(40) ./elf/./dl-hwcaps.h
43 1
fe=(37)
174 1
fi=(40)
45 2
+32 1
+1 1
+1 1
jfi=(37)
jump=1 -27 
* 
fe=(37)
-27 2
cfi=(39)
cfn=(114)
calls=1 -1 
* 23 1
* 2 1
fi=(40)
-9 1
+2 1
-2 1
+34 2
+1 2
+1 1
jfi=(37)
jump=1 -27 
* 
fe=(37)
-24 2
-1 2
+1 2
+1 2
+1 2
-5 4
cfi=(39)
cfn=(114)
calls=2 -1 
* 130 14 7
* 2
cfi=(39)
cfn=(114)
calls=1 -1 
* 125 15 4
* 6 3 2
jcnd=2/3 +3 
* 
+48 4
fi=(28)
-44 2 0 0 1 1
cfi=(27)
cfn=(78)
calls=1 -20 
* 30 3
fe=(37)
+46 2
-2 1
+2 1 1
+3 1
+3 1
fi=(40)
-65 1
+2 1
fe=(37)
+67 1
fi=(40)
-66 1
jfi=(37)
jump=1 +66 
* 
fe=(37)
+66 2
cfi=(39)
cfn=(120)
calls=1 -87 
* 13 1 1
* 2 1
fi=(40)
-69 1
+2 1
-2 1
+34 2
+1 2
+1 1
jfi=(37)
jump=1 +46 
* 
fe=(37)
+48 10
+1 4
+1 2
+1 2
-1 2
-4 4
cfi=(39)
cfn=(114)
calls=2 -74 
* 130 14 7
* 2
cfi=(39)
cfn=(114)
calls=1 -74 
* 125 15 4
* 6 3 2
jcnd=2/3 +2 
* 
+8 3 1
+9 5 1
+3 8
-2 6
jump=1 +8 
* 
+14 1 1 1
jcnd=1/1 +4 
* 
+4 1
+1 1
+1 1
-20 3
+19 1
+1 1
-20 2 1 1
jcnd=1/1 +13 
* 
+8 2
+4 2
-4 3
+4 2
cfi=(42)
cfn=(122)
calls=1 -96 
* 19 4 2
+1 2 1 1
jcnd=1/1 +1 
* 
* 1
-14 8 1
+47 1
-4 2
+4 2
-3 1
+7 1
-7 2
+7 1
fi=(28)
56 1 0 0 1 1
cfi=(27)
cfn=(78)
calls=1 -20 
* 30 3
* 1
fe=(37)
194 2 1
+8 1
fi=(40)
43 1
fe=(37)
201 1
80 1
fi=(40)
-35 1
fe=(37)
+35 1
202 1
fi=(40)
77 1
+1 1
fe=(37)
202 3
fi=(40)
79 1
jfi=(37)
jump=1 -2 
* 
fe=(37)
-2 2
cfi=(39)
cfn=(114)
calls=1 -26 
* 23 1
* 2 1
fi=(40)
-34 1
+2 1
fe=(37)
+35 2
fi=(40)
-37 1
+34 2
+1 2
+1 1
jfi=(37)
jump=1 -2 
* 
* 2
fe=(37)
+1 4
+7 2
-7 8
cfi=(29)
cfn=(126)
calls=2 197 
* 26 4 4
+4 2
+2 2
+2 2
-2 4
-9 4
cfi=(39)
cfn=(114)
calls=2 -26 
* 130 14 4
* 2
cfi=(39)
cfn=(114)
calls=1 -26 
* 125 15 2
* 6 3 2
jfi=(40)
jcnd=2/3 +2 
* 
213 2
-5 1
+1 1
-1 1
+5 1
+3 9

fl=(51) ./setjmp/../sysdeps/x86_64/setjmp.S
fn=(162) __sigsetjmp
31 3
+2 3
+9 3
+1 6
+1 3
+4 3
+1 3
+1 3
+1 3
+1 3
+2 6
+2 3
+1 3
+1 3
+2 6
+2 3
+8 3
+3 3
+1 3
+7 3
+1 3

fl=(41)
fn=(118)
32 15
+1 15
+1 15
+1 15
+1 15
+1 15
+1 15
+1 15
+1 15 15
+1 15
+1 15
+1 15
+1 15
+1 15
+1 15
+1 15
+1 15
+1 15 15 2
jcnd=2/15 +14 
* 
+1 13
+4 13
+1 13
+1 13
+1 13
+2 13
+4 2
+1 2
+1 2
+1 2
+1 2
+1 2
+1 2
+1 2
+1 2
+1 2
+1 2
+1 2
+1 2
+1 2
+1 2
+1 2
+1 2
+1 2
+1 2
+1 2
+1 2
+1 2
+1 2
+1 2 2 2
jcnd=2/2 +52 
* 
+52 2
+4 2
+1 2
+1 2
+1 2
+2 2

fl=(147)
fn=(464)
27 1
+2 2 1
-2 1
+6 3
-6 3
+6 1
-6 2
+6 1
cfi=(146)
cfn=(460)
calls=1 +41 
* 225 24 5 2 2
+4 2 1
+2 3 1
+2 1
-1 1
-1 1
+2 2
-1 1 0 0 1 1
cob=(2)
cfi=(148) ./elf/./elf/libc_early_init.c
cfn=(466) __libc_early_init
calls=1 -7 
* 353 30 12 8 1

fl=(53)
fn=(172)
28 12
+3 6
-3 12
+3 36 12
+8 42 6 3
jcnd=3/6 * 
* 
+2 6
-2 9
+2 6

fl=(73)
fn=(242) _dl_check_map_versions
155 40
+15 12 4
+2 20 4
+2 4
+1 4
+2 8 4 2
jcnd=2/4 -13 
* 
+3 4
-16 4
+20 2
-4 2
-24 2
+28 14 2
+16 4
36 2
200 2
36 14 2 2
jcnd=2/2 +2 
* 
+1 5
-1 10 5
+2 21
cfi=(52)
cfn=(168)
calls=7 +30 
* 664 84 22 4 2
* 14 7 4
jcnd=5/7 -1 
* 
* 2
208 6 2
+5 2
fi=(196) ./elf/../sysdeps/generic/_itoa.h
76 6
fe=(73)
213 4
+4 4
+1 4
-1 4
+4 2
-3 2
+3 2
-3 6 2 1
jcnd=1/2 56 
* 
-1 10
+1 10
-1 10
+4 5
-3 5
+3 5
-3 15 5 2
jcnd=2/5 56 
* 
* 20
56 16 4 4
jcnd=4/4 +8 
* 
* 12 3 3
jcnd=3/3 +8 
* 
+8 21 7
+6 21 7
+16 7
+1 14 7
+2 7
+5 49 7
+14 128 64 7
jcnd=7/57 +2 
* 
+12 171 57
+4 57
-30 114 57 5
jcnd=57/57 +14 
* 
231 28
+3 21 7 3
jcnd=2/7 -6 
* 
+5 5
-24 5
jump=5 +2 
* 
110 7
+3 35
cfi=(32)
cfn=(94)
calls=7 -15 
* 221 25 6 1
* 21 7
224 21 7 3
jcnd=7/7 +7 
* 
+4 4
+15 6 2 2
jcnd=2/2 +14 
* 
+14 10 2 1
jcnd=1/2 +17 
* 
+3 4
+3 14
+3 8 2
+4 2
-7 8
+3 6 2 2
jcnd=2/2 +4 
* 
+4 44
-7 176
+3 132 44 13
jcnd=42/44 +4 
* 
* 2
+8 6 2
+6 6
fi=(28)
44 3
fe=(73)
280 6
fi=(28)
44 3 0 0 3 1
cfi=(27)
cfn=(74)
calls=3 +36 
* 123 12 3 3
fe=(73)
281 6
-2 3
fi=(28)
44 3
fe=(73)
281 3 3
+13 3
-3 3
+3 12 3
+2 6 3 1
jcnd=1/3 +38 
* 
+3 8
+4 6
jump=2 +3 
* 
+7 7
+1 7
-1 21
+1 7
+1 7
-2 7
+2 14
+1 21
+3 21 7 2
jcnd=2/7 +8 
* 
+5 5
-15 5
+2 5
-2 5
+2 5
-2 5
+2 10 5 5
jcnd=5/5 +2 
* 
-2 2
+2 2
-2 2
+2 2
-2 2
+2 4 2 2
jcnd=2/2 +2 
* 
+16 6 2 2
jcnd=2/2 +10 
* 
+10 4 2 1
jcnd=1/2 +32 
* 
+3 4
jump=2 +6 
* 
+4 46
+6 46
+1 46
+1 46
-1 138
+1 46
-1 46
+1 46
+1 46
+3 138 46 2
jcnd=2/46 +12 
* 
+4 46
-14 92 46 10
jcnd=46/46 -2 
* 
* 4 2
+10 6 2 2
jcnd=2/2 +4 
* 
+12 4 2 1
jcnd=1/2 +22 
* 
+1 4 2
+1 4 2 1
jcnd=1/2 +20 
* 
+1 2 1 1
jcnd=1/1 +2 
* 
+19 36
164 2
-8 2
257 4 2 1
jcnd=1/2 +3 
* 
* 1
jump=1 387 
* 
+17 3 1 1
jcnd=1/1 +6 
* 
+60 2 1
-40 2
jump=1 +43 
* 
+76 4 1 1
jcnd=1/1 +2 
* 
+2 4 1
+4 2
jump=1 -3 
* 
-4 120 30 1
jcnd=1/30 +15 
* 
+1 60 30 3
jcnd=29/30 -1 
* 
+2 1
+1 2
-1 1
+1 1
cfi=(32)
cfn=(244)
calls=1 98 
* 32 6 1
* 2 1 1
jcnd=1/1 -4 
* 

fn=(240)
392 7
+4 5 1
-2 1
+4 2 1 1
jcnd=1/1 * 
* 
* 6 3 3
jcnd=3/3 * 
* 
* 16
cfn=(242)
calls=4 155 
* 3840 649 124 11 3
-2 4
+2 12
-1 4
-1 8 4 3
jcnd=3/4 +2 
* 
+5 7

fl=(16)
fn=(38) get_common_indices.constprop.0
398 3
+4 4 1
+3 3
+5 2
-5 1
+5 1
-5 1
+4 1
+1 1
+1 4
+1 4
+1 3
+1 2 1
+7 2 1
+2 5
+5 1
-5 1
+5 1
-5 1
+5 1
-5 2
+5 1
+7 1
-7 4
+7 1 1
+1 3
+6 1
-6 4
+6 1 1 1
jfi=(17) ./elf/../sysdeps/unix/sysv/linux/x86/dl-minsigstacksize.h
jcnd=1/1 24 
* 
fi=(17)
24 2 1
+3 2 1
+1 2 1
+37 3
+7 1
+2 1
fe=(16)
457 3

fn=(42) update_active.constprop.0
72 8
+4 1
+10 1
+9 1
+9 1
-19 1
-1 1
+29 1
-4 1
-24 1
+9 1
+9 1
+9 1
-28 2
+25 1
-15 1
-9 1
+9 1
+9 1
+9 1
-3 1
+7 1
-13 1
+9 1
+4 2
-22 1
+22 2
-13 1
+6 1
+3 1
+5 1
+12 1
-8 1
-4 1
+7 1
-3 4
+1 1
+2 1
-2 2
+1 3
+5 1
+2 1
-2 4
+1 1
+1 1
-1 2
+1 1
-1 1
+3 2 1
+1 4
+14 2 1 1
jcnd=1/1 +4 
* 
356 2 1 1
jcnd=1/1 +4 
* 
+4 3 1 1
jfi=(18) ./elf/../sysdeps/unix/sysv/linux/x86/dl-hwcap2.h
jcnd=1/1 25 
* 
fi=(18)
25 2 1 1
jfi=(19) ./elf/../sysdeps/x86/get-isa-level.h
jcnd=1/1 +5 
* 
fi=(19)
+5 1
-2 1
+2 3 1 1
jcnd=1/1 +2 
* 
fe=(16)
369 1
+1 8
151 2
+1 2
-1 5
+1 2
+2 3 1 1
jcnd=1/1 +4 
* 
+90 1
+1 1
-1 2 1 1
jcnd=1/1 +17 
* 
+17 4 1
+16 2 1 1
jcnd=1/1 +5 
* 
+5 1
-1 2
+4 4
+4 2 1
+4 3
+1 2 1
+3 1
-1 1
+9 1
-5 1
+2 1
-2 1
+5 1 1 1
jcnd=1/1 +51 
* 
+51 1
fi=(19)
31 1
fe=(16)
356 2
jump=1 * 
* 
fi=(19)
32 3 1
+4 3 1 1
jcnd=1/1 +3 
* 
fe=(16)
158 4 1
+3 1
+3 2 1 1
jcnd=1/1 +7 
* 
+14 1
+2 1
+10 3
-12 1
+12 1
-12 1
+2 2
-2 1
+2 1
+8 1
-8 1
+6 3
+2 1
-2 1
+2 3
+7 5 1 1
jcnd=1/1 +49 
* 
fi=(19)
39 2 1
+1 4 1
-2 1
+7 4 1
+2 1
+1 2 1
+3 5 1
+2 4 1
+1 2 1
+1 2 1
+3 1
-1 1
+1 3 1 1
jfi=(16)
jcnd=1/1 369 
* 
fe=(16)
171 1
-5 2
+4 1
jump=1 +8 
* 

fn=(36)
682 1
+17 1
-17 7
+3 1
+1 1
+1 1
+3 1
+9 2
+3 6 3 1
jcnd=1/1 +6 
* 
1001 3 1
+1 2
+3 2 1
+1 2
+6 1
+1 1
+1 1
+1 1
fi=(20)
792 1
+1 1
+2 1
+14 2 1 1
jcnd=1/1 +2 
* 
+85 1
+1 1
+15 1
-5 1
+5 1
-10 1
-6 1
+2 1
+14 1
-15 1
+2 1
-1 1
+2 1
-1 1
+2 1
-1 1
+1 1
+2 1
+1 1
+1 1
+1 1
+35 2 1
-15 3
+8 2
+27 6
+9 2 1 1
jcnd=1/1 +6 
* 
+19 2
+8 6
cfi=(11)
cfn=(28)
calls=1 387 
* 23 3 1
* 1
+2 2 1 1
jcnd=1/1 +3 
* 
+3 4
cfi=(11)
cfn=(28)
calls=1 387 
* 23 3 1
* 1
+2 2 1 1
jcnd=1/1 +3 
* 
+3 4
cfi=(11)
cfn=(28)
calls=1 387 
* 23 3 1
* 1
+1 5 1
+16 2
-12 5
cfi=(11)
cfn=(28)
calls=1 387 
* 23 3 1
* 1
+1 3 1 1
jcnd=1/1 +6 
* 
+6 3
+3 1
-3 2
cfi=(11)
cfn=(28)
calls=1 387 
* 23 3 1
* 1
+3 5
-3 1
+3 5
cfi=(11)
cfn=(58)
calls=1 153 
* 62 9 4
+1 10
cfi=(11)
cfn=(58)
calls=1 153 
* 62 9 4
+1 11
cfi=(11)
cfn=(58)
calls=1 153 
* 62 9 1
+3 10
cfi=(11)
cfn=(58)
calls=1 153 
* 62 9
+2 10
cfi=(11)
cfn=(58)
calls=1 153 
* 62 9
+13 1
+2 1
fe=(16)
-23 1
fi=(20)
+21 1
+3 1
fe=(16)
-24 1
fi=(20)
+26 1
-5 1
+2 1
-2 1
+3 1
fe=(16)
-24 1
fi=(20)
+25 1
+3 1
-1 1
fe=(16)
-27 1
cfi=(11)
cfn=(28)
calls=1 387 
* 22 2 2
+3 4
cfi=(11)
cfn=(28)
calls=1 387 
* 24 3 2
+6 3 1 1
jcnd=1/1 +14 
* 
+54 1
-1 1
+1 1 1 1
jcnd=1/1 +4 
* 
+45 4
cfi=(11)
cfn=(28)
calls=1 387 
* 22 2 2
+2 4
cfi=(11)
cfn=(28)
calls=1 387 
* 22 2 2
+6 4
cfi=(11)
cfn=(28)
calls=1 387 
* 24 3 2
+7 8
fi=(20)
974 12
jump=1 +13 
* 
fe=(16)
+68 1
-1 2
+1 3 1 1
jcnd=1/1 +40 
* 
+44 3 1 1
jcnd=1/1 +17 
* 
+27 2
jump=1 +14 
* 
-10 2 1
+1 2 1
+2 3 1
+1 2 1
+2 3 1
+1 2
jump=1 +3 
* 
fi=(20)
811 2
cfn=(50)
calls=1 255 
* 455 116 24
+1 1
-1 1
+1 1
cfn=(50)
calls=1 255 
* 503 128 24
+1 1
-1 1
+1 1
cfn=(50)
calls=1 255 
* 530 136 20
+4 1
-4 1
+1 2
+3 1
cfn=(50)
calls=1 255 
* 476 120 11
+2 1
-2 1
+2 1
cfn=(50)
calls=1 255 
* 468 122 9
+3 1
-3 1
+1 2
+2 1
cfn=(50)
calls=1 255 
* 446 117 11
+2 1
-2 1
+2 1
cfn=(50)
calls=1 255 
* 447 118 9
+3 1
-2 1
-1 1
+3 1
cfn=(50)
calls=1 255 
* 494 129 15
+2 1
-2 1
+2 1
cfn=(50)
calls=1 255 
* 495 130 9
+1 1
+2 1
-3 1
+1 1
+2 1
cfn=(50)
calls=1 255 
* 521 137 12
+2 1
-2 1
+2 1
cfn=(50)
calls=1 255 
* 522 138 10
+2 1
-2 1
+2 1
cfn=(50)
calls=1 255 
* 523 137 18
+2 4
-2 1
+2 1
cfn=(56)
calls=1 571 
* 223 40 13
+93 1
-6 3
+6 1
-6 2
+6 2
-6 2
+6 2
-1 2
jump=1 -36 
* 
fe=(16)
708 6
cfn=(38)
calls=1 398 
* 74 8 1
376 3
+1 2 1
+1 6
+5 2 1 1
jcnd=1/1 +1 
* 
713 1
cfn=(42)
calls=1 72 
* 222 27 13
+2 1
+2 1
1015 1
715 2 1 1
jcnd=1/1 +2 
* 
878 2 1
+7 2 1
+2 2
+4 2 1
+6 2 1 1
jcnd=1/1 +2 
* 
+2 1
706 2
-3 1
jump=1 1001 
* 
384 6
+5 2 1
+1 7
jump=1 713 
* 
717 1
fi=(20)
987 1
-48 1
fe=(16)
717 1
fi=(20)
987 2
fe=(16)
717 6 1
+4 7 1 0 1 1
jump=1 +78 
* 
+78 1
-25 3 1 1
jcnd=1/1 +7 
* 
+92 2 1
+3 2
fi=(20)
+38 1
fe=(16)
-37 1
jump=1 +8 
* 
-89 2
+51 2 1 1
jcnd=1/1 +34 
* 

fl=(52)
fn=(168)
68 98
+1 28
cfi=(32)
cfn=(94)
calls=14 +29 
* 440 52 22 5 5
* 28 14
+3 14
+2 28 14 8
jcnd=14/14 +1 
* 
+6 15
-6 30 15 8
jcnd=11/15 +9 
* 
+1 54
cfi=(32)
cfn=(94)
calls=18 +23 
* 592 70 21 5
* 36 18 7
jcnd=15/18 +5 
* 
+8 3
-13 3
+13 20
-1 11
+1 33

fn=(216)
36 2
+3 1
-3 7
+3 1
-3 2
+3 1
cfi=(53)
cfn=(172)
calls=1 -11 
* 20 3
+1 2 1 1
jcnd=1/1 +2 
* 
+23 8
-21 4
cfi=(55)
cfn=(178)
calls=1 -12 
* 6 1
* 2 1
+2 2
+3 2 1 1
jcnd=1/1 +2 
* 
+13 2
cfi=(62)
cfn=(194)
calls=1 -35 
* 6 1
* 1
jump=1 +3 
* 
-11 6
cfi=(57)
cfn=(182)
calls=1 -2 
* 26 4 2
* 2
jump=1 +11 
* 

fl=(57)
fn=(182)
47 12
+3 24 12
-3 72
+6 24 12 5
jcnd=5/12 * 
* 
+5 72 12
+2 48
-7 25 5 2
jcnd=3/5 +5 
* 
* 4 2 2
jcnd=2/2 +5 
* 

fl=(66)
fn=(212)
146 6
-55 6
+70 6 3 3
jcnd=2/3 -1 
* 
* 1
+1 1
-2 4
+1 4

fl=(50)
fn=(160)
204 18
58 3
204 6
+3 6 3
+22 3
-1 3
+1 3
58 6 3 3
jcnd=3/3 +1 
* 
235 9
cfi=(51)
cfn=(162)
calls=3 31 
* 72
* 9 3
+2 9 0 0 3 2
cfi=(64)
cfn=(206)
calls=2 61 
* 5285 920 248 10 2
cfi=(2)
cfn=(164)
calls=1 641 
* 2662 446 146 8 2
69 3
+1 3
-1 3 3
+1 3
239 12
-25 3
+34 9
59 6
+11 9
jump=3 235 
* 

fn=(158)
254 6
+2 1
-2 6
+2 1
cfn=(160)
calls=1 -52 
* 2728 450 147 9 3
+1 2
+1 1
+1 1
-1 1
+1 1
+2 6

fn=(236)
186 2
58 1
186 4
+2 1
-2 1
58 1 1
+1 1
+11 1
192 1
+2 1 0 0 1 1
cfi=(2)
cfn=(238)
calls=1 674 
* 3927 659 132 11 3
69 2 1
+1 1
198 1
-1 1
+1 3

fl=(38)
fn=(110)
29 1
fi=(19)
+2 1
fe=(38)
+7 1
fi=(19)
-8 4 1 1
jcnd=1/1 +2 
* 
fe=(38)
+22 1
fi=(19)
-20 3 1
+4 1
fe=(38)
+2 1
fi=(19)
-2 2 1
+3 4 1
+1 4 1
+5 1
fe=(38)
-7 1
fi=(19)
+7 3 1
fe=(38)
-2 1
fi=(19)
+5 2 1
+3 5 1
+2 4 1
+1 2 1
+1 2 1
+3 1
fe=(38)
-10 1
fi=(19)
+10 3 1 1
jfi=(38)
jcnd=1/1 -6 
* 
fe=(38)

ob=(2)
fl=(163) ./stdlib/./stdlib/cxa_atexit.c
fn=(526) __cxa_atexit
67 7
-26 2 1
+2 8 1
+1 2
cfn=(528) __new_exitfn
calls=1 +36 
* 33 4 1
+2 2 1
+8 1
-2 1
+3 1
+1 1
-4 2
+1 1
+4 4 2
+1 1
+11 6

fn=(528)
80 1
+6 2 1
-6 4
+11 2
-10 1
+10 4 1
+2 2
jump=1 * 
* 
* 2 1
-2 1
+10 1
-10 3 1 1
jcnd=1/1 +32 
* 
+45 1
+5 3
-4 1
+4 2
-18 1
-1 1
+12 1
jump=1 +2 
* 

fl=(177) ./stdlib/./stdlib/exit.c
fn=(590) exit
137 2
+1 3
-1 1
+1 1
cfn=(592) __run_exit_handlers
calls=1 38 
* 1434 246 93 9 9

fn=(592)
38 12
+2 2 1 1
jcnd=1/1 +1 
* 
+3 5 1
+11 2
+2 2 1
+38 2
-30 6 2 1
jcnd=1/1 +55 
* 
+2 1
+1 1
-1 1
+3 7 2 1
jcnd=1/1 +33 
* 
+44 3 1 1
jcnd=1/1 -49 
* 
+13 1
-66 1
+66 3 2
+2 2 1 1
jcnd=1/1 +1 
* 
+3 2
cfi=(189) ./posix/../sysdeps/unix/sysv/linux/_exit.c
cfn=(658) _Exit
calls=1 27 
* 4
-29 1
+1 1
-2 1
+3 1
+3 1
-3 2
+3 3 2
+1 3 0 0 1 1
cob=(1)
cfi=(179)
cfn=(596)
calls=1 -82 
* 981 162 61 8 8
+1 4 1 1
jcnd=1/1 +4 
* 
+10 3
+1 2 1 1
jcnd=1/1 +6 
* 
-79 1
cfi=(178) ./stdlib/./stdlib/cxa_thread_atexit_impl.c
cfn=(594) __call_tls_dtors
calls=1 148 
* 13 1 1
* 1
jump=1 +2 
* 
+88 1
cfi=(186) ./libio/./libio/genops.c
cfn=(648) _IO_cleanup
calls=1 842 
* 357 68 24
* 1
jump=1 +2 
* 

fl=(170)
fn=(576) _int_malloc
3846 77
1326 14 7
+19 42 7
3887 14 7 1
1794 7
3914 14 7 1
jcnd=1/7 +63 
* 
+65 12
-63 24
+3 6
+2 12 6 3
jcnd=6/6 +9 
* 
+56 2 1 1
jcnd=1/1 +93 
* 
+83 7
-1 7
-1 7
+1 14
+1 14 7 1
jcnd=1/7 +10 
* 
-2 12
+12 30 6 2
jcnd=6/6 4257 
* 
* 5 1 1
jcnd=1/1 4257 
* 
-90 7
+2 7
-2 7
+2 14 7 3
jcnd=7/7 +78 
* 
-52 18
jump=6 +50 
* 
4487 84 7
4257 21 7 3
jcnd=7/7 +6 
* 
+6 7
+71 21
-4 7
+1 7
+1 7
-1 7
+1 7
+1 14
+1 21
+5 28 7
jump=7 +4 
* 
+4 21 7
+3 28 7
-3 21 7
+3 28 7
-3 21 7 1
jcnd=1/7 4443 
* 
+3 24 6
-3 12 6 2
jcnd=6/6 4443 
* 
4443 7
+1 14
+2 14 7
+3 21 7 2
jcnd=6/7 +3 
* 
+17 4 1 1
jcnd=1/1 2552 
* 
4070 1
-91 6
jump=1 +1 
* 
2552 1
+12 1
-12 5
+12 1 1 1
jcnd=1/1 -11 
* 
4460 21
cfn=(584) alloc_perturb
calls=7 1985 
* 28 7
+1 7
jump=7 +26 
* 
-9 12
+2 12
-1 6
+1 6
-3 6
+3 6
+2 6
-2 24
+2 6
+3 12
jump=6 +1 
* 
2553 1
+36 3
+1 1
-1 1
+1 1
+9 4 2 1
jcnd=1/1 +9 
* 
+9 3 1 1
jcnd=1/1 +61 
* 
2921 3 1
+1 1
+4 1
+4 5 1
+5 1
-2 1
+5 1
-3 2
-3 1
+2 1
+1 1
+1 1
-1 3
+1 1
4482 1
jump=1 -22 
* 
2669 3
+8 2 1
+1 3
+13 1
+2 1
-2 2 1
+8 5
+8 2 1 1
jcnd=1/1 +2 
* 
+48 4 2 2
jcnd=1/1 +40 
* 
+40 3 1 1
jcnd=1/1 -12 
* 
+19 2
+3 2
+1 6
+2 1 1
+1 5
cfi=(173) ./malloc/./malloc/morecore.c
cfn=(578) __glibc_morecore
calls=1 25 
* 33 5 2
+12 4
-12 1
+12 1 1
2008 4 1
3882 1
2873 1
+3 1
-1 1
+1 4
+12 1
-11 1
+11 2 1 1
jcnd=1/1 +33 
* 
2783 1
-1 2
jump=1 +32 
* 
2017 2
2745 1
+1 1
+6 3
-6 1
+6 3 1 1
jcnd=1/1 +3 
* 
-43 3
cfi=(173)
cfn=(578)
calls=1 25 
* 64 11 3
+1 2
-1 1
+1 1 1
2008 1
2711 1
2008 3 1
2712 1
+3 2 1
+29 3 1 1
jcnd=1/1 2017 
* 

fn=(584)
1985 21 7
+2 7

fn=(574) tcache_init.part.0
3242 4
+9 8 2
+1 3
cfn=(576)
calls=1 3846 
* 359 57 23
+1 2 1
+8 4 2
+9 1
fi=(176) ./malloc/../string/bits/string_fortified.h
59 2
fe=(170)
3270 1
fi=(176)
59 7 1 1
jcnd=1/1 * 
* 
* 79 79 9
jcnd=78/79 * 
* 
fe=(170)
3274 3

fn=(564)
3294 48
+7 12 6 1
jfi=(171) ./malloc/./malloc/arena.c
jcnd=1/6 264 
* 
1326 10 5
+19 30 6
3311 12
+2 24 6 1
jcnd=1/6 -65 
* 
+3 10 5 3
jcnd=5/5 +2 
* 
+10 12 6 4
jcnd=6/6 +2 
* 
+28 36
3248 4 1
cfn=(574)
calls=1 -6 
* 473 142 33
+68 2 1
+1 4 1
+1 3 1 1
jcnd=1/1 +8 
* 
* 15 5
jcnd=5/5 +8 
* 
+10 24
cfn=(576)
calls=6 3846 
* 858 126 14
+1 30 12
fi=(171)
153 12 6 2
jfi=(170)
jcnd=6/6 3354 
* 
264 1
cfn=(568) ptmalloc_init.part.0
calls=1 -2 
* 1151 167 21 12
fe=(170)
1326 2 1 1
jcnd=1/1 +19 
* 

fl=(113)
fn=(354)
31 1
fi=(114) ./string/../sysdeps/x86_64/multiarch/ifunc-strcasecmp.h
+6 2
-1 4 1 1
jcnd=1/1 +2 
* 
fe=(113)
-5 2
fi=(114)
+7 3 1
+3 2 1
+4 3 1
+3 4 1
jfi=(113)
jump=1 -17 
* 
fe=(113)

fl=(83)
fn=(284)
31 2
fi=(84) ./string/../sysdeps/x86_64/multiarch/ifunc-avx2.h
+9 6
-2 8 2 2
jcnd=2/2 +3 
* 
fe=(83)
-7 4
fi=(84)
+10 4 2
+1 6 2
+3 4 2
+4 6 2
+3 10
jfi=(83)
jump=2 -21 
* 
fe=(83)

fl=(86)
fn=(290)
79 1
-31 2
+1 1
-2 4 1 1
jcnd=1/1 +2 
* 
+2 2 1
+3 2 1
+4 3 1
+3 3 1
+20 1

fl=(108)
fn=(344)
31 1
fi=(109) ./string/../sysdeps/x86_64/multiarch/ifunc-strncpy.h
+4 5 1
+1 3 1
+3 2 1
+4 3 1
+3 4
fe=(108)
-15 1

fl=(189)
fn=(658)
27 2
+3 2
jump=1 * 
* 

fl=(180)
fn=(598)
77 1
+3 3
+2 1
+2 2 1
-7 4
+11 2 1 1
jcnd=1/1 +9 
* 
+91 1
+3 1
+2 1
+3 1
-63 1
+66 3
-93 2 1
+11 4 1 1
+4 1
+3 2 1 1
jcnd=1/1 -71 
* 
-71 1
+1 7 3
+1 1
+84 3 1
+1 2
jump=1 +48 
* 

fl=(104)
fn=(332)
29 1
fi=(105) ./debug/../sysdeps/x86_64/multiarch/ifunc-memset.h
+25 5 1
+3 3 1
+7 2
+9 2 1
+2 2 1
+10 2 1
+8 2 1
+3 5
fe=(104)

fl=(107)
fn=(340)
30 1
fi=(101) ./wcsmbs/../sysdeps/x86_64/multiarch/ifunc-avx2.h
+10 3
-2 4 1 1
jcnd=1/1 +3 
* 
fe=(107)
-8 2
fi=(101)
+11 2 1
+1 3 1
+3 2 1
+4 3 1
+3 5
jfi=(107)
jump=1 -22 
* 
fe=(107)

fl=(168)
fn=(556)
116 1
+1 5
cfi=(169) ./stdlib/../stdlib/strtol_l.c
cfn=(558) ____strtol_l_internal
calls=1 238 
* 100 24 8

fl=(110)
fn=(348)
31 2
fi=(111) ./wcsmbs/../sysdeps/x86_64/multiarch/ifunc-evex.h
+7 6
-1 8 2 2
jcnd=2/2 +2 
* 
+2 6 2
+6 4
-3 4 2
+9 6 2
+3 8
fe=(110)
-23 2

fl=(183)
fn=(612)
30 4
+3 4
-3 16
+3 10 4
+3 8 2
+4 14 2 1
jump=2 -4 
* 
-4 6 2
+57 8 2 2
+4 12 2 2
jcnd=2/2 -4 
* 
-4 6 2
+12 4
cfi=(184) ./posix/./posix/register-atfork.c
cfn=(614) __unregister_atfork
calls=2 -23 
* 40 8 4
+1 8 4
+1 16

fl=(139)
fn=(432)
31 1
fi=(114)
+6 2
-1 4 1 1
jcnd=1/1 +2 
* 
fe=(139)
-5 2
fi=(114)
+7 3 1
+3 2 1
+4 3 1
+3 4 1
jfi=(139)
jump=1 -17 
* 
fe=(139)

fl=(81)
fn=(280)
86 1
fi=(82) ./string/../sysdeps/x86/cacheinfo.h
-27 1
+3 3 1
+2 1
+1 1
-1 2
+7 3 1
+2 1
+1 1
-1 2
+5 2
+2 2
+1 2
+1 2
+2 2 1 1
jcnd=1/1 +2 
* 
+2 2
fe=(81)

fl=(106)
fn=(336)
28 1
fi=(84)
+12 3
-2 4 1 1
jcnd=1/1 +3 
* 
fe=(106)
-10 2
fi=(84)
+13 2 1
+1 3 1
+3 2 1
+4 3 1
+3 5
jfi=(106)
jump=1 -24 
* 
fe=(106)

fl=(157)
fn=(510)
46 6
+5 2 1
+4 5 1
+8 1
-2 1
+10 1
-9 1
+1 1
+9 3
-1 1
cfi=(158) ./misc/./misc/init-misc.c
cfn=(512) __init_misc
calls=1 -41 
* 50 5 0 1 1

fl=(103)
fn=(330)
65 1
-22 2
+1 1
-2 4 1 1
jcnd=1/1 +2 
* 
+2 2 1
+3 2 1
+4 3 1
+3 3 1
+11 1

fl=(128)
fn=(398)
29 1
fi=(109)
+6 5 1
+1 3 1
+3 2 1
+4 3 1
+3 4
fe=(128)
-17 1

fl=(171)
fn=(568)
262 1
fi=(172) ./malloc/../sysdeps/unix/sysv/linux/not-cancel.h
97 3
fe=(171)
262 7
+5 1
fi=(172)
97 3
fi=(170)
3143 2 1 1
jfi=(171)
jcnd=1/1 292 
* 
fe=(171)
292 2 1 1
jcnd=1/1 +4 
* 
+4 3
fi=(170)
1946 4
+3 1
-3 1
+3 2
-3 2 1 1
jcnd=1/1 +3 
* 
+3 126
-3 126
+3 252
-3 252 126 6
jcnd=125/126 +3 
* 
+11 1
fe=(171)
300 3
fi=(170)
1958 1
+2 1
fe=(171)
300 1
cob=(3)
cfi=(153)
cfn=(476)
calls=1 0 
* 25 3 1 1
+1 4
cob=(3)
cfi=(153)
cfn=(476)
calls=1 0 
* 26 3 2 1
+1 4
cob=(3)
cfi=(153)
cfn=(476)
calls=1 0 
* 25 3 1 1
+1 4
cob=(3)
cfi=(153)
cfn=(476)
calls=1 0 
* 25 3 2 1
+1 4
cob=(3)
cfi=(153)
cfn=(476)
calls=1 0 
* 26 3 2 1
+1 4
cob=(3)
cfi=(153)
cfn=(476)
calls=1 0 
* 25 3 1 1
+1 4
cob=(3)
cfi=(153)
cfn=(476)
calls=1 0 
* 25 3 1 1
+2 4
cob=(3)
cfi=(153)
cfn=(476)
calls=1 0 
* 25 3 1 1
+1 4
cob=(3)
cfi=(153)
cfn=(476)
calls=1 0 
* 25 3 1 1
+1 4
cob=(3)
cfi=(153)
cfn=(476)
calls=1 0 
* 25 3 0 1
+3 4
cob=(3)
cfi=(153)
cfn=(476)
calls=1 0 
* 25 3 0 1
+1 4
cob=(3)
cfi=(153)
cfn=(476)
calls=1 0 
* 25 3 0 1
+2 2 1
+10 8 1

fl=(87)
fn=(292)
30 1
fi=(88) ./wcsmbs/../sysdeps/x86_64/multiarch/ifunc-wcslen.h
+11 2
-1 4 1 1
jcnd=1/1 +2 
* 
+2 3 1
+3 2 1
+4 3 1
+3 3 1
fe=(87)
-22 1

fl=(164) ./csu/../sysdeps/nptl/libc_start_call_main.h
fn=(544) (below main)
29 4
+15 1
-15 5
+15 1
cfi=(165) ./setjmp/../sysdeps/x86_64/bsd-_setjmp.S
cfn=(546) _setjmp
calls=1 -16 
* 38 2 1
* 1
+2 2 1
+5 2
+1 2
+3 2
+3 6 0 0 1 1
cob=(5)
cfi=(161)
cfn=(552) main
calls=1 -58 
* 280003036 80000543 102 19 2
+16 2
cfi=(177)
cfn=(590)
calls=1 +63 
* 1441 246 93 9 9

fl=(98)
fn=(320)
29 1
fi=(99) ./string/../sysdeps/x86_64/multiarch/ifunc-memmove.h
+28 3
-1 2 1
+4 3 1
+14 2 1
+3 2 1
+8 2 1 1
jcnd=1/1 +8 
* 
+8 2 1 1
jcnd=1/1 +3 
* 
+3 5
fe=(98)

fl=(127)
fn=(394)
29 1
fi=(84)
+11 3
-2 4 1 1
jcnd=1/1 +3 
* 
fe=(127)
-9 2
fi=(84)
+12 2 1
+1 3 1
+3 2 1
+4 3 1
+3 5
jfi=(127)
jump=1 -23 
* 
fe=(127)

fl=(187) ./nptl/./nptl/libc-cleanup.c
fn=(652) __libc_cleanup_push_defer
24 2
+1 2
+2 4
+2 4
+3 4 2
+14 6
+2 2
+1 2

fn=(654) __libc_cleanup_pop_restore
54 2
+1 2
+2 4
+2 2
+1 6 2 2
jcnd=2/2 +11 
* 
+11 2

fl=(91)
fn=(300)
29 1
fi=(88)
+12 2
-1 4 1 1
jcnd=1/1 +2 
* 
+2 3 1
+3 2 1
+4 3 1
+3 3 1
fe=(91)
-23 1

fl=(121)
fn=(374)
29 1
fi=(122) ./string/../sysdeps/x86_64/multiarch/ifunc-memcmp.h
+5 5 1
+1 2 1
+1 2 1
+1 3 1
+3 2 1
+4 3 1
+3 4
fe=(121)
-18 2

fl=(136)
fn=(422)
29 1
fi=(197) ./string/../sysdeps/x86_64/multiarch/ifunc-sse4_2.h
+7 5
fe=(136)
-7 1

fl=(174) ./misc/./misc/sbrk.c
fn=(580) sbrk
37 16
+3 2
+3 2
-3 2
+3 2 2 2
jcnd=2/2 +15 
* 
+35 7
-20 4 2 1
jcnd=1/2 +1 
* 
+4 4 2 1
jcnd=1/2 +16 
* 
+4 4 2 1
jcnd=1/1 +8 
* 
+8 1
cfi=(175) ./misc/../sysdeps/unix/sysv/linux/brk.c
cfn=(582) brk
calls=1 -38 
* 9 1
* 2 1
+4 7
-19 2
cfi=(175)
cfn=(582)
calls=1 -23 
* 9 1
* 2 1
+4 2
jump=1 -1 
* 

fl=(129)
fn=(402)
29 1
fi=(130) ./wcsmbs/../sysdeps/x86_64/multiarch/ifunc-memcmp.h
+5 5 1
+1 2 1
+1 2 1
+1 3 1
+3 2 1
+4 3 1
+3 4
fe=(129)
-18 2

fl=(175)
fn=(582)
36 2
fi=(198) ./misc/../sysdeps/unix/sysv/linux/brk_call.h
-12 4
fe=(175)
+13 4
+1 4 2
+6 2
+1 2

fl=(96)
fn=(316)
31 1
fi=(97) ./wcsmbs/../sysdeps/x86_64/multiarch/ifunc-wcs.h
+9 3
-1 4 1 1
jcnd=1/1 +2 
* 
+2 3 1
+3 2 1
+4 4
fe=(96)
-17 1

fl=(112)
fn=(352)
67 1
-23 2
-1 4 1 1
jcnd=1/1 +2 
* 
+24 2
-22 3 1
+3 2 1
+4 3 1
+3 4 1
jump=1 +12 
* 

fl=(116)
fn=(360)
60 1
-17 2
-1 4 1 1
jcnd=1/1 +2 
* 
+2 3 1
+2 2 1
+4 3 1
+10 1

fl=(133)
fn=(414)
29 1
fi=(99)
+28 3
-1 2 1
+4 3 1
+14 2 1
+3 2 1
+8 2 1 1
jcnd=1/1 +8 
* 
+8 2 1 1
jcnd=1/1 +3 
* 
+3 5
fe=(133)

fl=(165)
fn=(546)
28 1
+2 1
+2 1
cfi=(166) ./setjmp/../sysdeps/x86_64/setjmp.S
cfn=(548) __sigsetjmp
calls=1 -1 
* 35 2 1

fl=(117)
fn=(362)
29 1
fi=(118) ./string/../sysdeps/x86_64/multiarch/ifunc-strcpy.h
+9 2
+1 1
-1 2 1
+1 2 1
+3 2 1
+4 3 1
+3 3 1 1
jfi=(117)
jcnd=1/1 -20 
* 
fe=(117)
-20 1

fl=(152) ./nptl/./nptl/pthread_mutex_conf.c
fn=(474) __pthread_tunables_init
55 2
+1 2
-1 2
+1 2
-1 4
+1 1
cob=(3)
cfi=(153)
cfn=(476)
calls=1 -56 
* 26 3 2 1 1
+2 4
cob=(3)
cfi=(153)
cfn=(476)
calls=1 -58 
* 25 3 0 1
+2 4
cob=(3)
cfi=(153)
cfn=(476)
calls=1 -60 
* 26 3 2 1
+2 6 1

fl=(123)
fn=(378)
31 2
fi=(124) ./wcsmbs/../sysdeps/x86_64/multiarch/ifunc-wmemset.h
+5 10 2
+1 6 2 2
jfi=(123)
jcnd=2/2 -6 
* 
fe=(123)
-6 2

fl=(132)
fn=(410)
33 1
fi=(118)
+5 2
+1 1
-1 2 1
+1 2 1
+3 2 1
+4 3 1
+3 3 1 1
jfi=(132)
jcnd=1/1 -16 
* 
fe=(132)
-16 1

fl=(162) ./csu/../csu/libc-start.c
fn=(524) __libc_start_main@@GLIBC_2.34
242 13
+69 3 1
+1 3
cfi=(163)
cfn=(526)
calls=1 67 
* 72 9 1
+25 6 1 1
+6 2
-3 2 1 1
jcnd=1/1 128 
* 
+10 2
cob=(3)
cfi=(153)
cfn=(540)
calls=1 0 
* 7 1 0 1 1
+2 2 1
+8 4
cfi=(164)
cfn=(544)
calls=1 29 
* 280004543 80000792 196 29 12
128 2
+6 3 1
+1 6 0 0 1 1
cob=(3)
cfi=(153)
cfn=(530)
calls=1 0 
* 7 1 1
* 1
+3 1
+1 2 1
+3 2
+1 2
-1 1
+2 7 1
jump=1 +1 
* 
+1 4 0 0 1 1
cob=(5)
cfi=(161)
cfn=(534) 0x00000000000012a0
calls=1 0 
* 12 1 1
-1 4 1
jump=1 350 
* 

fl=(95)
fn=(312)
29 1
fi=(84)
+11 3
-2 4 1 1
jcnd=1/1 +3 
* 
fe=(95)
-9 2
fi=(84)
+12 2 1
+1 3 1
+3 2 1
+4 3 1
+3 5
jfi=(95)
jump=1 -23 
* 
fe=(95)

fl=(131)
fn=(406)
29 1
fi=(93) ./debug/../sysdeps/x86_64/multiarch/ifunc-memmove.h
+28 3
-1 2 1
+4 3 1
+14 2 1
+3 2 1
+8 2 1 1
jcnd=1/1 +8 
* 
+8 2 1 1
jcnd=1/1 +3 
* 
+3 5
fe=(131)

fl=(149) ./ctype/./ctype/ctype-info.c
fn=(468) __ctype_init
29 1
+2 7
+2 4
+2 4
+1 1

fl=(89)
fn=(296)
29 1
fi=(90) ./string/../sysdeps/x86_64/multiarch/ifunc-memset.h
+25 5 1
+3 3 1
+7 2
+9 2 1
+2 2 1
+10 2 1
+8 2 1
+3 5
fe=(89)

fl=(138)
fn=(428)
33 1
fi=(99)
+24 3
-1 2 1
+4 3 1
+14 2 1
+3 2 1
+8 2 1 1
jcnd=1/1 +8 
* 
+8 2 1 1
jcnd=1/1 +3 
* 
+3 5
fe=(138)

fl=(159)
fn=(516)
53 1
+1 1
+1 1
+2 1
+1 1
+4 1
+1 1
+1 1 1
+3 1
+2 1
+1 1
+1 1
+1 1 1
+3 1
+1 1
+2 1
+1 1
+1 1 1
+1 1
+1 1
+9 2

fl=(94)
fn=(308)
29 1
fi=(93)
+28 3
-1 2 1
+4 3 1
+14 2 1
+3 2 1
+8 2 1 1
jcnd=1/1 +8 
* 
+8 2 1
jcnd=1/1 +3 
* 
+3 5
fe=(94)

fl=(169)
fn=(558)
238 5
+54 1
-54 1
+19 1
-19 4
+14 1
-14 3
+26 2 1
+31 4 2
+9 6 1 1
jcnd=1/1 +2 
* 
+2 2 1
+5 2 1
-1 1
+6 2 1
+4 2 1
+15 2 1 1
jcnd=1/1 +7 
* 
+10 4 1
-87 2
395 1
+56 5 2
+26 1
+1 1
-84 1
-1 1
+96 2
jump=1 -36 
* 
-5 2 1 1
jcnd=1/1 +5 
* 
+5 1
+1 3
-41 2
+2 4 2 1
jcnd=1/1 +44 
* 
+2 3 1 1
jcnd=1/1 +28 
* 
+28 3 1
+3 2 1 1
jcnd=1/1 * 
* 
+11 2 1
+5 3 1 1
jcnd=1/1 +6 
* 
+6 2 1
+3 1
+15 1
-15 2 1
-2 2 1
+39 8
342 2 1 1
jcnd=1/1 +3 
* 

fl=(173)
fn=(578)
25 2
+1 4 2
-1 4
+4 2
cfi=(174)
cfn=(580)
calls=2 +8 
* 77 12 5
+1 4 2
+4 4

fl=(125)
fn=(382)
29 1
fi=(118)
+9 2
+1 1
-1 2 1
+1 2 1
+3 2 1
+4 3 1
+3 3 1 1
jfi=(125)
jcnd=1/1 -20 
* 
fe=(125)
-20 1

fl=(184)
fn=(614)
82 4
+1 4
-1 8
+1 4 2 1
fi=(185) ./posix/../malloc/dynarray-skeleton.c
243 2
fe=(184)
71 4 2 2
jcnd=2/2 +38 
* 
+38 8 4 1
+1 6

fl=(92)
fn=(304)
29 1
fi=(93)
+28 3
-1 2 1
+4 3 1
+14 2 1
+3 2 1
+8 2 1 1
jcnd=1/1 +8 
* 
+8 2 1 1
jcnd=1/1 +3 
* 
+3 5
fe=(92)

fl=(181)
fn=(600)
367 1
51 3
+1 2 1
367 3
57 2 1 1
jcnd=1/1 +17 
* 
+8 1
-3 1
-23 1
+1 4 2
+1 1
+29 1
+2 1
369 2
74 2 1 1
jcnd=1/1 +6 
* 
+6 4 1
+4 3 1 1
jcnd=1/1 +3 
* 
+3 2 1 1
jcnd=1/1 -22 
* 

fl=(167) ./setjmp/./setjmp/sigjmp.c
fn=(550) __sigjmp_save
28 6
+2 2 1
-1 1
+5 4

fl=(160)
fn=(518)
545 1
+1 4 1 1
jcnd=1/1 +1 
* 
+1 3 1
+1 3 1
+2 1

fl=(154) ./nptl/../sysdeps/unix/sysv/linux/x86/elision-conf.c
fn=(478) __lll_elision_init
92 2
+4 1
-4 2
+4 2
-4 1
+4 1
-4 3
+4 1
cob=(3)
cfi=(153)
cfn=(476)
calls=1 -96 
* 26 3 2 1
+2 4
cob=(3)
cfi=(153)
cfn=(476)
calls=1 -98 
* 26 3 2 1
+2 4
cob=(3)
cfi=(153)
cfn=(476)
calls=1 0 
* 26 3 2 1
+2 4
cob=(3)
cfi=(153)
cfn=(476)
calls=1 0 
* 26 3 2 1
+2 4
cob=(3)
cfi=(153)
cfn=(476)
calls=1 0 
* 26 3 0 1
+3 3 1
+1 1
+1 6 1

fl=(85)
fn=(288)
29 1
fi=(197)
+7 5
fe=(85)
-7 1

fl=(115)
fn=(358)
29 1
fi=(197)
+7 5
fe=(115)
-7 1

fl=(150) ./resource/../sysdeps/unix/sysv/linux/getrlimit64.c
fn=(470) getrlimit
38 2
+1 7 1
+1 1

fl=(137)
fn=(424)
31 1
fi=(97)
+9 3
-1 4 1 1
jcnd=1/1 +2 
* 
+2 3 1
+3 2 1
+4 4
fi=(199) ./wcsmbs/../sysdeps/x86_64/multiarch/wcpncpy.c
-17 1
fe=(137)

fl=(120)
fn=(370)
31 1
fi=(84)
+9 3
-2 4 1
jcnd=1/1 +3 
* 
fe=(120)
-7 2
fi=(84)
+10 2 1
+1 3 1
+3 2 1
+4 3 1
+3 5
jfi=(120)
jump=1 -21 
* 
fe=(120)

fl=(134)
fn=(418)
29 1
fi=(135) ./string/../sysdeps/x86_64/multiarch/ifunc-evex.h
+9 3
-1 4 1 1
jcnd=1/1 +2 
* 
+2 3 1
+6 2
-3 2 1
+9 3 1
+3 4
fe=(134)
-25 1

fl=(148)
fn=(466)
33 9
+2 1
cfi=(149)
cfn=(468)
calls=1 -6 
* 17
+3 1
fi=(151) ./elf/../sysdeps/nptl/pthread_early_init.h
-5 2
fe=(148)
+8 1
-3 1
+3 1
fi=(151)
-8 1
cfi=(150)
cfn=(470)
calls=1 +5 
* 10 1
* 3 1
+1 1
+4 5
+7 1
fi=(200) ./elf/../nptl/nptl-stack.h
+16 3
fi=(151)
-16 1
fi=(200)
+16 2
fi=(151)
-7 1
fi=(200)
+7 3
fi=(151)
-9 1
-6 1
+2 2
+4 4
+1 1
+3 1
cfi=(152)
cfn=(474)
calls=1 -1 
* 104 10 4 3 1
fe=(148)
-9 3 1
+2 2
-2 1
cfi=(154)
cfn=(478)
calls=1 +45 
* 169 17 8 5

fl=(119)
fn=(366)
31 1
fi=(114)
+6 2
-1 4 1 1
jcnd=1/1 +2 
* 
fe=(119)
-5 2
fi=(114)
+7 3 1
+3 2 1
+4 3 1
+3 4 1
jfi=(119)
jump=1 -17 
* 
fe=(119)

fl=(166)
fn=(548)
31 1
+2 1
+9 1
+1 2
+1 1
+4 1
+1 1
+1 1
+1 1
+1 1
+2 2
+2 1
+1 1
+1 1
+2 2
+2 1
+5 1
+1 1 1 1
jcnd=1/1 +17 
* 
+17 1
cfi=(167)
cfn=(550)
calls=1 -57 
* 13 1

fl=(186)
fn=(650) _IO_flush_all
686 5
+5 1
-5 1
+5 1
-5 6
+5 4
cfi=(187)
cfn=(652)
calls=1 24 
* 13 1
+1 6 2 1
jcnd=1/1 * 
* 
-5 1
fi=(188) ./libio/./libio/libioP.h
1025 2
jfi=(186)
jump=1 697 
* 
fe=(186)
708 33 9
+1 3
-14 9 3 1
jcnd=1/3 +18 
* 
+2 3
+1 27 9 3
jcnd=3/3 * 
* 
+2 21 6 1
jump=3 +8 
* 
+13 7 2
+1 2
cfi=(187)
cfn=(654)
calls=1 54 
* 9 1 1
+4 12 1 1
-20 9
jump=3 +2 
* 
-6 2
-5 2
+8 1
-3 1
+3 2 1 1
jcnd=1/1 -8 
* 

fn=(648)
842 6
-66 1
+66 6
+1 1
cfn=(650)
calls=1 686 
* 183 35 9
-67 2
+67 1
-67 3
cfi=(187)
cfn=(652)
calls=1 24 
* 13 1
+1 6 2 1
jcnd=1/1 * 
* 
fi=(188)
1025 1
fe=(186)
785 1
-1 1
+1 4 1
-1 2
+1 25 8 3
jcnd=3/3 * 
* 
+9 6 2 2
jcnd=2/2 +20 
* 
+20 2
+2 4 2 2
jcnd=2/2 -39 
* 
+1 3
-37 9 3 2
jcnd=2/3 +5 
* 
+41 7 2 1
+1 2
cfi=(187)
cfn=(654)
calls=1 54 
* 9 1 1
+33 12 1
-78 2
+39 24 6
jump=3 +1 
* 
-2 1
+2 1
jump=1 * 
* 
-31 6
+7 6 3 2
jcnd=2/3 +2 
* 
* 1
jump=1 +22 
* 
-15 1
+3 2
-3 1
+3 2 1 1
jfi=(188)
jcnd=1/1 1025 
* 

fl=(158)
fn=(512)
30 1
+1 2 1
-1 4
+1 4 1
+2 3
cob=(3)
cfi=(153)
cfn=(514)
calls=1 -33 
* 24 3 0 1 1
+4 5
+1 3
+2 4

fl=(100)
fn=(390)
31 1
fi=(97)
+9 3
-1 4 1 1
jcnd=1/1 +2 
* 
+2 3 1
+3 2 1
+4 4
fe=(100)
-17 1

fn=(324)
31 2
fi=(101)
+9 6
-2 8 2 2
jcnd=2/2 +3 
* 
fi=(102) ./wcsmbs/../sysdeps/x86_64/multiarch/wcschr.c
-7 4
fi=(101)
+10 4 2
+1 6 2
+3 4 2
+4 6 2
+3 10
jfi=(102)
jump=2 -21 
* 
fe=(100)

fl=(126)
fn=(386)
31 1
fi=(114)
+6 2
-1 4 1 1
jcnd=1/1 +2 
* 
fe=(126)
-5 2
fi=(114)
+7 3 1
+3 2 1
+4 3 1
+3 4 1
jfi=(126)
jump=1 -17 
* 
fe=(126)

fl=(178)
fn=(594)
148 4
+1 1
-1 1
+1 3 1 1
jcnd=1/1 +16 
* 
+16 4

ob=(5)
fl=(161)
fn=(534)
0 9 1 1
0 3

fn=(552)
0 17 1 1
0 21 2
cob=(3)
cfi=(153)
cfn=(554)
calls=1 0 
0 108 24 8 1 1
0 3
cfn=(560) build_chain
calls=1 0 
0 2883 516 85 18 1
0 5
cfn=(588) chase_atomic
calls=1 0 
0 22 7 2
0 29999997
cfn=(588)
calls=9999999 0 
0 219999978 69999993 4
0 30000000 10000000 2
0 2

fn=(560)
0 13 1
0 20 5 1
0 18
cob=(3)
cfi=(153)
cfn=(562)
calls=6 0 
0 2785 497 81 18 1
0 36 12 2
0 4 1 1
0 7

fn=(604)
0 9 2
cob=(3)
cfi=(153)
cfn=(610)
calls=1 0 
0 80 14 6 1 1
0 1
cfn=(620) 0x00000000000011f0
calls=1 0 
0 5 1 1
0 3

fn=(588)
0 30000000 10000000 3
0 140000000 50000000 3
0 50000000 10000000

fn=(620)
0 4 1 1
0 1

fn=(522)
0 12 0 0 1 1
cob=(2)
cfi=(162)
cfn=(524)
calls=1 242 
0 280004713 80000812 201 32 15

totals: 280133829 80025232 3306 315 157
